

Microchip MPLAB XC8 Assembler V2.31 build 20201012212115 
                                                                                               Thu Feb 25 17:59:27 2021

Microchip MPLAB XC8 C Compiler v2.31 (Free license) build 20201012212115 Og1 
     1                           	processor	18F27Q43
     2                           	fnconf	rparam,??,?,0
     3                           	pagewidth 120
     4                           	opt	flic
     5                           	psect	cinit,global,reloc=2,class=CODE,delta=1
     6                           	psect	bssCOMRAM,global,class=COMRAM,space=1,delta=1,lowdata,noexec
     7                           	psect	cstackCOMRAM,global,class=COMRAM,space=1,delta=1,lowdata,noexec
     8                           	psect	text0,global,reloc=2,class=CODE,delta=1
     9                           	psect	text1,global,reloc=2,class=CODE,delta=1
    10                           	psect	text2,global,reloc=2,class=CODE,delta=1
    11                           	psect	text3,global,reloc=2,class=CODE,delta=1
    12                           	psect	text4,global,reloc=2,class=CODE,delta=1
    13                           	psect	text5,global,reloc=2,class=CODE,delta=1
    14                           	psect	text6,global,reloc=2,class=CODE,delta=1
    15                           	psect	intsave_regs,global,class=BIGRAM,space=1,delta=1,noexec
    16                           	psect	rparam,global,class=COMRAM,space=1,delta=1,noexec
    17                           	psect	idloc,global,abs,ovrld,class=IDLOC,space=5,delta=1,noexec
    18                           	psect	config,global,abs,ovrld,class=CONFIG,space=4,delta=1,noexec
    19  0000                     
    20                           ; Version 2.30
    21                           ; Generated 20/08/2020 GMT
    22                           ; 
    23                           ; Copyright © 2020, Microchip Technology Inc. and its subsidiaries ("Microchip")
    24                           ; All rights reserved.
    25                           ; 
    26                           ; This software is developed by Microchip Technology Inc. and its subsidiaries ("Microch
      +                          ip").
    27                           ; 
    28                           ; Redistribution and use in source and binary forms, with or without modification, are
    29                           ; permitted provided that the following conditions are met:
    30                           ; 
    31                           ;     1. Redistributions of source code must retain the above copyright notice, this lis
      +                          t of
    32                           ;        conditions and the following disclaimer.
    33                           ; 
    34                           ;     2. Redistributions in binary form must reproduce the above copyright notice, this 
      +                          list
    35                           ;        of conditions and the following disclaimer in the documentation and/or other
    36                           ;        materials provided with the distribution. Publication is not required when
    37                           ;        this file is used in an embedded application.
    38                           ; 
    39                           ;     3. Microchip's name may not be used to endorse or promote products derived from th
      +                          is
    40                           ;        software without specific prior written permission.
    41                           ; 
    42                           ; THIS SOFTWARE IS PROVIDED BY MICROCHIP "AS IS" AND ANY EXPRESS OR IMPLIED WARRANTIES,
    43                           ; INCLUDING, BUT NOT LIMITED TO, THE IMPLIED WARRANTIES OF MERCHANTABILITY AND FITNESS F
      +                          OR
    44                           ; PURPOSE ARE DISCLAIMED.  IN NO EVENT SHALL MICROCHIP BE LIABLE FOR ANY DIRECT, INDIREC
      +                          T,
    45                           ; INCIDENTAL, SPECIAL, EXEMPLARY, OR CONSEQUENTIAL DAMAGES (INCLUDING BUT NOT LIMITED TO
    46                           ; PROCUREMENT OF SUBSTITUTE GOODS OR SERVICES; LOSS OF USE, DATA OR PROFITS; OR BUSINESS
    47                           ; INTERRUPTION) HOWSOEVER CAUSED AND ON ANY THEORY OF LIABILITY, WHETHER IN CONTRACT, ST
      +                          RICT
    48                           ; LIABILITY, OR TORT (INCLUDING NEGLIGENCE OR OTHERWISE) ARISING IN ANY WAY OUT OF THE U
      +                          SE OF
    49                           ; THIS SOFTWARE, EVEN IF ADVISED OF THE POSSIBILITY OF SUCH DAMAGE.
    50                           ; 
    51                           ; 
    52                           ; Code-generator required, PIC18F27Q43 Definitions
    53                           ; 
    54                           ; SFR Addresses
    55  0000                     _ANSELB	set	1032
    56  0000                     _ANSELA	set	1024
    57  0000                     _TRISB	set	1223
    58  0000                     _LATA	set	1214
    59  0000                     _TRISA	set	1222
    60  0000                     _RA5	set	9845
    61  0000                     _RA4	set	9844
    62  0000                     _RA3	set	9843
    63  0000                     _RA2	set	9842
    64  0000                     _RA1	set	9841
    65  0000                     _RA0	set	9840
    66  0000                     _RA7	set	9847
    67  0000                     _RB5	set	9853
    68                           
    69                           ; #config settings
    70                           
    71                           	psect	cinit
    72  01FE6A                     __pcinit:
    73                           	callstack 0
    74  01FE6A                     start_initialization:
    75                           	callstack 0
    76  01FE6A                     __initialization:
    77                           	callstack 0
    78                           
    79                           ; Clear objects allocated to COMRAM (13 bytes)
    80  01FE6A  EE01  F101         	lfsr	0,__pbssCOMRAM
    81  01FE6E  0E0D               	movlw	13
    82  01FE70                     clear_0:
    83  01FE70  6AEE               	clrf	postinc0,c
    84  01FE72  06E8               	decf	wreg,f,c
    85  01FE74  E1FD               	bnz	clear_0
    86  01FE76                     end_of_initialization:
    87                           	callstack 0
    88  01FE76                     __end_of__initialization:
    89                           	callstack 0
    90  01FE76  0100               	movlb	0
    91  01FE78  EF5D  F0FF         	goto	_main	;jump to C main() function
    92                           
    93                           	psect	bssCOMRAM
    94  000501                     __pbssCOMRAM:
    95                           	callstack 0
    96  000501                     _G_u32SystemFlags:
    97                           	callstack 0
    98  000501                     	ds	4
    99  000505                     _G_u32SystemTime1s:
   100                           	callstack 0
   101  000505                     	ds	4
   102  000509                     _G_u32SystemTime1ms:
   103                           	callstack 0
   104  000509                     	ds	4
   105  00050D                     _G_u8UserAppFlags:
   106                           	callstack 0
   107  00050D                     	ds	1
   108                           
   109                           	psect	cstackCOMRAM
   110  00050E                     __pcstackCOMRAM:
   111                           	callstack 0
   112  00050E                     ??_UserAppRun:
   113  00050E                     
   114                           ; 1 bytes @ 0x0
   115  00050E                     	ds	2
   116  000510                     UserAppRun@u8ButtonLastState:
   117                           	callstack 0
   118                           
   119                           ; 1 bytes @ 0x2
   120  000510                     	ds	1
   121  000511                     UserAppRun@u8Button:
   122                           	callstack 0
   123                           
   124                           ; 1 bytes @ 0x3
   125  000511                     	ds	1
   126  000512                     UserAppRun@u32counter:
   127                           	callstack 0
   128                           
   129                           ; 4 bytes @ 0x4
   130  000512                     	ds	4
   131  000516                     
   132                           ; 1 bytes @ 0x8
   133 ;;
   134 ;;Main: autosize = 0, tempsize = 0, incstack = 0, save=0
   135 ;;
   136 ;; *************** function _main *****************
   137 ;; Defined at:
   138 ;;		line 35 in file "main.c"
   139 ;; Parameters:    Size  Location     Type
   140 ;;		None
   141 ;; Auto vars:     Size  Location     Type
   142 ;;		None
   143 ;; Return value:  Size  Location     Type
   144 ;;                  1    wreg      void 
   145 ;; Registers used:
   146 ;;		wreg, status,2, status,0, cstack
   147 ;; Tracked objects:
   148 ;;		On entry : 0/0
   149 ;;		On exit  : 0/0
   150 ;;		Unchanged: 0/0
   151 ;; Data sizes:     COMRAM   BANK5   BANK6   BANK7   BANK8   BANK9  BANK10  BANK11  BANK12  BANK13  BANK14  BANK15  BANK1
      +6  BANK17  BANK18  BANK19  BANK20  BANK21  BANK22  BANK23  BANK24  BANK25  BANK26  BANK27  BANK28  BANK29  BANK30  BANK3
      +1  BANK32  BANK33  BANK34  BANK35  BANK36  BANK37
   152 ;;      Params:         0       0       0       0       0       0       0       0       0       0       0       0       
      +0       0       0       0       0       0       0       0       0       0       0       0       0       0       0       
      +0       0       0       0       0       0       0
   153 ;;      Locals:         0       0       0       0       0       0       0       0       0       0       0       0       
      +0       0       0       0       0       0       0       0       0       0       0       0       0       0       0       
      +0       0       0       0       0       0       0
   154 ;;      Temps:          0       0       0       0       0       0       0       0       0       0       0       0       
      +0       0       0       0       0       0       0       0       0       0       0       0       0       0       0       
      +0       0       0       0       0       0       0
   155 ;;      Totals:         0       0       0       0       0       0       0       0       0       0       0       0       
      +0       0       0       0       0       0       0       0       0       0       0       0       0       0       0       
      +0       0       0       0       0       0       0
   156 ;;Total ram usage:        0 bytes
   157 ;; Hardware stack levels required when called:    1
   158 ;; This function calls:
   159 ;;		_ClockSetup
   160 ;;		_GpioSetup
   161 ;;		_SysTickSetup
   162 ;;		_SystemSleep
   163 ;;		_UserAppInitialize
   164 ;;		_UserAppRun
   165 ;; This function is called by:
   166 ;;		Startup code after reset
   167 ;; This function uses a non-reentrant model
   168 ;;
   169                           
   170                           	psect	text0
   171  01FEBA                     __ptext0:
   172                           	callstack 0
   173  01FEBA                     _main:
   174                           	callstack 127
   175  01FEBA                     
   176                           ;main.c: 37:   G_u32SystemFlags |= (u32)0x80000000;
   177  01FEBA  8E04               	bsf	(_G_u32SystemFlags+3)^(0+1280),7,c	;volatile
   178  01FEBC                     
   179                           ;main.c: 40:   ClockSetup();
   180  01FEBC  EC32  F0FF         	call	_ClockSetup	;wreg free
   181  01FEC0                     
   182                           ;main.c: 41:   SysTickSetup();
   183  01FEC0  EC4C  F0FF         	call	_SysTickSetup	;wreg free
   184  01FEC4                     
   185                           ;main.c: 42:   GpioSetup();
   186  01FEC4  EC3E  F0FF         	call	_GpioSetup	;wreg free
   187  01FEC8                     
   188                           ;main.c: 47:   UserAppInitialize();
   189  01FEC8  EC34  F0FF         	call	_UserAppInitialize	;wreg free
   190  01FECC                     l841:
   191                           
   192                           ;main.c: 53:   {;main.c: 57:     UserAppRun();
   193  01FECC  EC6E  F0FF         	call	_UserAppRun	;wreg free
   194  01FED0                     
   195                           ;main.c: 62:     SystemSleep();
   196  01FED0  EC33  F0FF         	call	_SystemSleep	;wreg free
   197  01FED4  EF66  F0FF         	goto	l841
   198  01FED8  EFFE  F0FF         	goto	start
   199  01FEDC                     __end_of_main:
   200                           	callstack 0
   201                           
   202 ;; *************** function _UserAppRun *****************
   203 ;; Defined at:
   204 ;;		line 96 in file "user_app.c"
   205 ;; Parameters:    Size  Location     Type
   206 ;;		None
   207 ;; Auto vars:     Size  Location     Type
   208 ;;  u32counter      4    4[COMRAM] unsigned long 
   209 ;;  u8Button        1    3[COMRAM] unsigned char 
   210 ;;  u8ButtonLast    1    2[COMRAM] unsigned char 
   211 ;; Return value:  Size  Location     Type
   212 ;;                  1    wreg      void 
   213 ;; Registers used:
   214 ;;		wreg, status,2, status,0
   215 ;; Tracked objects:
   216 ;;		On entry : 0/0
   217 ;;		On exit  : 0/0
   218 ;;		Unchanged: 0/0
   219 ;; Data sizes:     COMRAM   BANK5   BANK6   BANK7   BANK8   BANK9  BANK10  BANK11  BANK12  BANK13  BANK14  BANK15  BANK1
      +6  BANK17  BANK18  BANK19  BANK20  BANK21  BANK22  BANK23  BANK24  BANK25  BANK26  BANK27  BANK28  BANK29  BANK30  BANK3
      +1  BANK32  BANK33  BANK34  BANK35  BANK36  BANK37
   220 ;;      Params:         0       0       0       0       0       0       0       0       0       0       0       0       
      +0       0       0       0       0       0       0       0       0       0       0       0       0       0       0       
      +0       0       0       0       0       0       0
   221 ;;      Locals:         6       0       0       0       0       0       0       0       0       0       0       0       
      +0       0       0       0       0       0       0       0       0       0       0       0       0       0       0       
      +0       0       0       0       0       0       0
   222 ;;      Temps:          2       0       0       0       0       0       0       0       0       0       0       0       
      +0       0       0       0       0       0       0       0       0       0       0       0       0       0       0       
      +0       0       0       0       0       0       0
   223 ;;      Totals:         8       0       0       0       0       0       0       0       0       0       0       0       
      +0       0       0       0       0       0       0       0       0       0       0       0       0       0       0       
      +0       0       0       0       0       0       0
   224 ;;Total ram usage:        8 bytes
   225 ;; Hardware stack levels used:    1
   226 ;; This function calls:
   227 ;;		Nothing
   228 ;; This function is called by:
   229 ;;		_main
   230 ;; This function uses a non-reentrant model
   231 ;;
   232                           
   233                           	psect	text1
   234  01FEDC                     __ptext1:
   235                           	callstack 0
   236  01FEDC                     _UserAppRun:
   237                           	callstack 127
   238  01FEDC                     
   239                           ;user_app.c: 98:     u32 u32counter;;user_app.c: 99:     u8 u8ButtonLastState = RB5;
   240  01FEDC  0E00               	movlw	0
   241  01FEDE  BACF               	btfsc	1231,5,c	;volatile
   242  01FEE0  0E01               	movlw	1
   243  01FEE2  6E10               	movwf	UserAppRun@u8ButtonLastState^(0+1280),c
   244                           
   245                           ;user_app.c: 100:     u8 u8Button;;user_app.c: 101:     for( u32counter = 0x00 ; u32coun
      +                          ter <= 0x40 ; u32counter+=0x01)
   246  01FEE4  0E00               	movlw	0
   247  01FEE6  6E12               	movwf	UserAppRun@u32counter^(0+1280),c
   248  01FEE8  0E00               	movlw	0
   249  01FEEA  6E13               	movwf	(UserAppRun@u32counter+1)^(0+1280),c
   250  01FEEC  0E00               	movlw	0
   251  01FEEE  6E14               	movwf	(UserAppRun@u32counter+2)^(0+1280),c
   252  01FEF0  0E00               	movlw	0
   253  01FEF2  6E15               	movwf	(UserAppRun@u32counter+3)^(0+1280),c
   254  01FEF4                     l785:
   255                           
   256                           ;user_app.c: 102:     {;user_app.c: 103:         u8Button = RB5;
   257  01FEF4  0E00               	movlw	0
   258  01FEF6  BACF               	btfsc	1231,5,c	;volatile
   259  01FEF8  0E01               	movlw	1
   260  01FEFA  6E11               	movwf	UserAppRun@u8Button^(0+1280),c
   261  01FEFC                     
   262                           ;user_app.c: 104:         _delay((unsigned long)((100)*(64000000/4000.0)));
   263  01FEFC  0E09               	movlw	9
   264  01FEFE  6E0F               	movwf	(??_UserAppRun+1)^(0+1280),c
   265  01FF00  0E1E               	movlw	30
   266  01FF02  6E0E               	movwf	??_UserAppRun^(0+1280),c
   267  01FF04  0EE4               	movlw	228
   268  01FF06                     u107:
   269  01FF06  2EE8               	decfsz	wreg,f,c
   270  01FF08  D7FE               	bra	u107
   271  01FF0A  2E0E               	decfsz	??_UserAppRun^(0+1280),f,c
   272  01FF0C  D7FC               	bra	u107
   273  01FF0E  2E0F               	decfsz	(??_UserAppRun+1)^(0+1280),f,c
   274  01FF10  D7FA               	bra	u107
   275  01FF12  D000               	nop2	
   276  01FF14                     
   277                           ;user_app.c: 105:         if(u8Button == 0x00 && u8ButtonLastState == 0x01)
   278  01FF14  5011               	movf	UserAppRun@u8Button^(0+1280),w,c
   279  01FF16  A4D8               	btfss	status,2,c
   280  01FF18  EF90  F0FF         	goto	u11
   281  01FF1C  EF92  F0FF         	goto	u10
   282  01FF20                     u11:
   283  01FF20  EFE8  F0FF         	goto	l809
   284  01FF24                     u10:
   285  01FF24  0410               	decf	UserAppRun@u8ButtonLastState^(0+1280),w,c
   286  01FF26  A4D8               	btfss	status,2,c
   287  01FF28  EF98  F0FF         	goto	u21
   288  01FF2C  EF9A  F0FF         	goto	u20
   289  01FF30                     u21:
   290  01FF30  EFE8  F0FF         	goto	l809
   291  01FF34                     u20:
   292  01FF34                     
   293                           ;user_app.c: 106:         {;user_app.c: 107:           if((0x01 & u32counter) != 0x00)
   294  01FF34  A012               	btfss	UserAppRun@u32counter^(0+1280),0,c
   295  01FF36  EF9F  F0FF         	goto	u31
   296  01FF3A  EFA1  F0FF         	goto	u30
   297  01FF3E                     u31:
   298  01FF3E  EFA4  F0FF         	goto	l83
   299  01FF42                     u30:
   300  01FF42                     
   301                           ;user_app.c: 108:         {;user_app.c: 109:             RA0 = 0x01;
   302  01FF42  80CE               	bsf	1230,0,c	;volatile
   303                           
   304                           ;user_app.c: 110:         }
   305  01FF44  EFA5  F0FF         	goto	l84
   306  01FF48                     l83:
   307                           
   308                           ;user_app.c: 112:         {;user_app.c: 113:             RA0 = 0x00;
   309  01FF48  90CE               	bcf	1230,0,c	;volatile
   310  01FF4A                     l84:
   311                           
   312                           ;user_app.c: 115:         if((0x02 & u32counter) != 0x00)
   313  01FF4A  A212               	btfss	UserAppRun@u32counter^(0+1280),1,c
   314  01FF4C  EFAA  F0FF         	goto	u41
   315  01FF50  EFAC  F0FF         	goto	u40
   316  01FF54                     u41:
   317  01FF54  EFAF  F0FF         	goto	l85
   318  01FF58                     u40:
   319  01FF58                     
   320                           ;user_app.c: 116:         {;user_app.c: 117:             RA1 = 0x01;
   321  01FF58  82CE               	bsf	1230,1,c	;volatile
   322                           
   323                           ;user_app.c: 118:         }
   324  01FF5A  EFB0  F0FF         	goto	l86
   325  01FF5E                     l85:
   326                           
   327                           ;user_app.c: 120:         {;user_app.c: 121:             RA1 = 0x00;
   328  01FF5E  92CE               	bcf	1230,1,c	;volatile
   329  01FF60                     l86:
   330                           
   331                           ;user_app.c: 123:          if((0x04 & u32counter) != 0x00)
   332  01FF60  A412               	btfss	UserAppRun@u32counter^(0+1280),2,c
   333  01FF62  EFB5  F0FF         	goto	u51
   334  01FF66  EFB7  F0FF         	goto	u50
   335  01FF6A                     u51:
   336  01FF6A  EFBA  F0FF         	goto	l87
   337  01FF6E                     u50:
   338  01FF6E                     
   339                           ;user_app.c: 124:         {;user_app.c: 125:             RA2 = 0x01;
   340  01FF6E  84CE               	bsf	1230,2,c	;volatile
   341                           
   342                           ;user_app.c: 126:         }
   343  01FF70  EFBB  F0FF         	goto	l88
   344  01FF74                     l87:
   345                           
   346                           ;user_app.c: 128:         {;user_app.c: 129:             RA2 = 0x00;
   347  01FF74  94CE               	bcf	1230,2,c	;volatile
   348  01FF76                     l88:
   349                           
   350                           ;user_app.c: 131:          if((0x08 & u32counter) != 0x00)
   351  01FF76  A612               	btfss	UserAppRun@u32counter^(0+1280),3,c
   352  01FF78  EFC0  F0FF         	goto	u61
   353  01FF7C  EFC2  F0FF         	goto	u60
   354  01FF80                     u61:
   355  01FF80  EFC5  F0FF         	goto	l89
   356  01FF84                     u60:
   357  01FF84                     
   358                           ;user_app.c: 132:         {;user_app.c: 133:             RA3 = 0x01;
   359  01FF84  86CE               	bsf	1230,3,c	;volatile
   360                           
   361                           ;user_app.c: 134:         }
   362  01FF86  EFC6  F0FF         	goto	l90
   363  01FF8A                     l89:
   364                           
   365                           ;user_app.c: 136:         {;user_app.c: 137:             RA3 = 0x00;
   366  01FF8A  96CE               	bcf	1230,3,c	;volatile
   367  01FF8C                     l90:
   368                           
   369                           ;user_app.c: 139:          if((0x10 & u32counter) != 0x00)
   370  01FF8C  A812               	btfss	UserAppRun@u32counter^(0+1280),4,c
   371  01FF8E  EFCB  F0FF         	goto	u71
   372  01FF92  EFCD  F0FF         	goto	u70
   373  01FF96                     u71:
   374  01FF96  EFD0  F0FF         	goto	l91
   375  01FF9A                     u70:
   376  01FF9A                     
   377                           ;user_app.c: 140:         {;user_app.c: 141:             RA4 = 0x01;
   378  01FF9A  88CE               	bsf	1230,4,c	;volatile
   379                           
   380                           ;user_app.c: 142:         }
   381  01FF9C  EFD1  F0FF         	goto	l92
   382  01FFA0                     l91:
   383                           
   384                           ;user_app.c: 144:         {;user_app.c: 145:             RA4 = 0x00;
   385  01FFA0  98CE               	bcf	1230,4,c	;volatile
   386  01FFA2                     l92:
   387                           
   388                           ;user_app.c: 147:          if((0x20 & u32counter) != 0x00)
   389  01FFA2  AA12               	btfss	UserAppRun@u32counter^(0+1280),5,c
   390  01FFA4  EFD6  F0FF         	goto	u81
   391  01FFA8  EFD8  F0FF         	goto	u80
   392  01FFAC                     u81:
   393  01FFAC  EFDB  F0FF         	goto	l93
   394  01FFB0                     u80:
   395  01FFB0                     
   396                           ;user_app.c: 148:         {;user_app.c: 149:             RA5 = 0x01;
   397  01FFB0  8ACE               	bsf	1230,5,c	;volatile
   398                           
   399                           ;user_app.c: 150:         }
   400  01FFB2  EFDC  F0FF         	goto	l807
   401  01FFB6                     l93:
   402                           
   403                           ;user_app.c: 152:         {;user_app.c: 153:             RA5 = 0x00;
   404  01FFB6  9ACE               	bcf	1230,5,c	;volatile
   405  01FFB8                     l807:
   406                           
   407                           ;user_app.c: 155:         _delay((unsigned long)((250)*(64000000/4000.0)));
   408  01FFB8  0E15               	movlw	21
   409  01FFBA  6E0F               	movwf	(??_UserAppRun+1)^(0+1280),c
   410  01FFBC  0E4B               	movlw	75
   411  01FFBE  6E0E               	movwf	??_UserAppRun^(0+1280),c
   412  01FFC0  0EBE               	movlw	190
   413  01FFC2                     u117:
   414  01FFC2  2EE8               	decfsz	wreg,f,c
   415  01FFC4  D7FE               	bra	u117
   416  01FFC6  2E0E               	decfsz	??_UserAppRun^(0+1280),f,c
   417  01FFC8  D7FC               	bra	u117
   418  01FFCA  2E0F               	decfsz	(??_UserAppRun+1)^(0+1280),f,c
   419  01FFCC  D7FA               	bra	u117
   420  01FFCE  D000               	nop2	
   421  01FFD0                     l809:
   422                           
   423                           ;user_app.c: 157:         u8ButtonLastState = u8Button;
   424  01FFD0  C511  F510         	movff	UserAppRun@u8Button,UserAppRun@u8ButtonLastState
   425  01FFD4                     
   426                           ;user_app.c: 158:     }
   427  01FFD4  0E01               	movlw	1
   428  01FFD6  2612               	addwf	UserAppRun@u32counter^(0+1280),f,c
   429  01FFD8  0E00               	movlw	0
   430  01FFDA  2213               	addwfc	(UserAppRun@u32counter+1)^(0+1280),f,c
   431  01FFDC  2214               	addwfc	(UserAppRun@u32counter+2)^(0+1280),f,c
   432  01FFDE  2215               	addwfc	(UserAppRun@u32counter+3)^(0+1280),f,c
   433  01FFE0  5015               	movf	(UserAppRun@u32counter+3)^(0+1280),w,c
   434  01FFE2  1014               	iorwf	(UserAppRun@u32counter+2)^(0+1280),w,c
   435  01FFE4  1013               	iorwf	(UserAppRun@u32counter+1)^(0+1280),w,c
   436  01FFE6  E109               	bnz	u90
   437  01FFE8  0E41               	movlw	65
   438  01FFEA  5C12               	subwf	UserAppRun@u32counter^(0+1280),w,c
   439  01FFEC  A0D8               	btfss	status,0,c
   440  01FFEE  EFFB  F0FF         	goto	u91
   441  01FFF2  EFFD  F0FF         	goto	u90
   442  01FFF6                     u91:
   443  01FFF6  EF7A  F0FF         	goto	l785
   444  01FFFA                     u90:
   445  01FFFA  0012               	return		;funcret
   446  01FFFC                     __end_of_UserAppRun:
   447                           	callstack 0
   448                           
   449 ;; *************** function _UserAppInitialize *****************
   450 ;; Defined at:
   451 ;;		line 76 in file "user_app.c"
   452 ;; Parameters:    Size  Location     Type
   453 ;;		None
   454 ;; Auto vars:     Size  Location     Type
   455 ;;		None
   456 ;; Return value:  Size  Location     Type
   457 ;;                  1    wreg      void 
   458 ;; Registers used:
   459 ;;		None
   460 ;; Tracked objects:
   461 ;;		On entry : 0/0
   462 ;;		On exit  : 0/0
   463 ;;		Unchanged: 0/0
   464 ;; Data sizes:     COMRAM   BANK5   BANK6   BANK7   BANK8   BANK9  BANK10  BANK11  BANK12  BANK13  BANK14  BANK15  BANK1
      +6  BANK17  BANK18  BANK19  BANK20  BANK21  BANK22  BANK23  BANK24  BANK25  BANK26  BANK27  BANK28  BANK29  BANK30  BANK3
      +1  BANK32  BANK33  BANK34  BANK35  BANK36  BANK37
   465 ;;      Params:         0       0       0       0       0       0       0       0       0       0       0       0       
      +0       0       0       0       0       0       0       0       0       0       0       0       0       0       0       
      +0       0       0       0       0       0       0
   466 ;;      Locals:         0       0       0       0       0       0       0       0       0       0       0       0       
      +0       0       0       0       0       0       0       0       0       0       0       0       0       0       0       
      +0       0       0       0       0       0       0
   467 ;;      Temps:          0       0       0       0       0       0       0       0       0       0       0       0       
      +0       0       0       0       0       0       0       0       0       0       0       0       0       0       0       
      +0       0       0       0       0       0       0
   468 ;;      Totals:         0       0       0       0       0       0       0       0       0       0       0       0       
      +0       0       0       0       0       0       0       0       0       0       0       0       0       0       0       
      +0       0       0       0       0       0       0
   469 ;;Total ram usage:        0 bytes
   470 ;; Hardware stack levels used:    1
   471 ;; This function calls:
   472 ;;		Nothing
   473 ;; This function is called by:
   474 ;;		_main
   475 ;; This function uses a non-reentrant model
   476 ;;
   477                           
   478                           	psect	text2
   479  01FE68                     __ptext2:
   480                           	callstack 0
   481  01FE68                     _UserAppInitialize:
   482                           	callstack 127
   483  01FE68  0012               	return		;funcret
   484  01FE6A                     __end_of_UserAppInitialize:
   485                           	callstack 0
   486                           
   487 ;; *************** function _SystemSleep *****************
   488 ;; Defined at:
   489 ;;		line 139 in file "encm369_pic18.c"
   490 ;; Parameters:    Size  Location     Type
   491 ;;		None
   492 ;; Auto vars:     Size  Location     Type
   493 ;;		None
   494 ;; Return value:  Size  Location     Type
   495 ;;                  1    wreg      void 
   496 ;; Registers used:
   497 ;;		None
   498 ;; Tracked objects:
   499 ;;		On entry : 0/0
   500 ;;		On exit  : 0/0
   501 ;;		Unchanged: 0/0
   502 ;; Data sizes:     COMRAM   BANK5   BANK6   BANK7   BANK8   BANK9  BANK10  BANK11  BANK12  BANK13  BANK14  BANK15  BANK1
      +6  BANK17  BANK18  BANK19  BANK20  BANK21  BANK22  BANK23  BANK24  BANK25  BANK26  BANK27  BANK28  BANK29  BANK30  BANK3
      +1  BANK32  BANK33  BANK34  BANK35  BANK36  BANK37
   503 ;;      Params:         0       0       0       0       0       0       0       0       0       0       0       0       
      +0       0       0       0       0       0       0       0       0       0       0       0       0       0       0       
      +0       0       0       0       0       0       0
   504 ;;      Locals:         0       0       0       0       0       0       0       0       0       0       0       0       
      +0       0       0       0       0       0       0       0       0       0       0       0       0       0       0       
      +0       0       0       0       0       0       0
   505 ;;      Temps:          0       0       0       0       0       0       0       0       0       0       0       0       
      +0       0       0       0       0       0       0       0       0       0       0       0       0       0       0       
      +0       0       0       0       0       0       0
   506 ;;      Totals:         0       0       0       0       0       0       0       0       0       0       0       0       
      +0       0       0       0       0       0       0       0       0       0       0       0       0       0       0       
      +0       0       0       0       0       0       0
   507 ;;Total ram usage:        0 bytes
   508 ;; Hardware stack levels used:    1
   509 ;; This function calls:
   510 ;;		Nothing
   511 ;; This function is called by:
   512 ;;		_main
   513 ;; This function uses a non-reentrant model
   514 ;;
   515                           
   516                           	psect	text3
   517  01FE66                     __ptext3:
   518                           	callstack 0
   519  01FE66                     _SystemSleep:
   520                           	callstack 127
   521  01FE66  0012               	return		;funcret
   522  01FE68                     __end_of_SystemSleep:
   523                           	callstack 0
   524                           
   525 ;; *************** function _SysTickSetup *****************
   526 ;; Defined at:
   527 ;;		line 117 in file "encm369_pic18.c"
   528 ;; Parameters:    Size  Location     Type
   529 ;;		None
   530 ;; Auto vars:     Size  Location     Type
   531 ;;		None
   532 ;; Return value:  Size  Location     Type
   533 ;;                  1    wreg      void 
   534 ;; Registers used:
   535 ;;		wreg, status,2
   536 ;; Tracked objects:
   537 ;;		On entry : 0/0
   538 ;;		On exit  : 0/0
   539 ;;		Unchanged: 0/0
   540 ;; Data sizes:     COMRAM   BANK5   BANK6   BANK7   BANK8   BANK9  BANK10  BANK11  BANK12  BANK13  BANK14  BANK15  BANK1
      +6  BANK17  BANK18  BANK19  BANK20  BANK21  BANK22  BANK23  BANK24  BANK25  BANK26  BANK27  BANK28  BANK29  BANK30  BANK3
      +1  BANK32  BANK33  BANK34  BANK35  BANK36  BANK37
   541 ;;      Params:         0       0       0       0       0       0       0       0       0       0       0       0       
      +0       0       0       0       0       0       0       0       0       0       0       0       0       0       0       
      +0       0       0       0       0       0       0
   542 ;;      Locals:         0       0       0       0       0       0       0       0       0       0       0       0       
      +0       0       0       0       0       0       0       0       0       0       0       0       0       0       0       
      +0       0       0       0       0       0       0
   543 ;;      Temps:          0       0       0       0       0       0       0       0       0       0       0       0       
      +0       0       0       0       0       0       0       0       0       0       0       0       0       0       0       
      +0       0       0       0       0       0       0
   544 ;;      Totals:         0       0       0       0       0       0       0       0       0       0       0       0       
      +0       0       0       0       0       0       0       0       0       0       0       0       0       0       0       
      +0       0       0       0       0       0       0
   545 ;;Total ram usage:        0 bytes
   546 ;; Hardware stack levels used:    1
   547 ;; This function calls:
   548 ;;		Nothing
   549 ;; This function is called by:
   550 ;;		_main
   551 ;; This function uses a non-reentrant model
   552 ;;
   553                           
   554                           	psect	text4
   555  01FE98                     __ptext4:
   556                           	callstack 0
   557  01FE98                     _SysTickSetup:
   558                           	callstack 127
   559  01FE98                     
   560                           ;encm369_pic18.c: 119:   G_u32SystemTime1ms = 0;
   561  01FE98  0E00               	movlw	0
   562  01FE9A  6E09               	movwf	_G_u32SystemTime1ms^(0+1280),c	;volatile
   563  01FE9C  0E00               	movlw	0
   564  01FE9E  6E0A               	movwf	(_G_u32SystemTime1ms+1)^(0+1280),c	;volatile
   565  01FEA0  0E00               	movlw	0
   566  01FEA2  6E0B               	movwf	(_G_u32SystemTime1ms+2)^(0+1280),c	;volatile
   567  01FEA4  0E00               	movlw	0
   568  01FEA6  6E0C               	movwf	(_G_u32SystemTime1ms+3)^(0+1280),c	;volatile
   569                           
   570                           ;encm369_pic18.c: 120:   G_u32SystemTime1s = 0;
   571  01FEA8  0E00               	movlw	0
   572  01FEAA  6E05               	movwf	_G_u32SystemTime1s^(0+1280),c	;volatile
   573  01FEAC  0E00               	movlw	0
   574  01FEAE  6E06               	movwf	(_G_u32SystemTime1s+1)^(0+1280),c	;volatile
   575  01FEB0  0E00               	movlw	0
   576  01FEB2  6E07               	movwf	(_G_u32SystemTime1s+2)^(0+1280),c	;volatile
   577  01FEB4  0E00               	movlw	0
   578  01FEB6  6E08               	movwf	(_G_u32SystemTime1s+3)^(0+1280),c	;volatile
   579  01FEB8  0012               	return		;funcret
   580  01FEBA                     __end_of_SysTickSetup:
   581                           	callstack 0
   582                           
   583 ;; *************** function _GpioSetup *****************
   584 ;; Defined at:
   585 ;;		line 90 in file "encm369_pic18.c"
   586 ;; Parameters:    Size  Location     Type
   587 ;;		None
   588 ;; Auto vars:     Size  Location     Type
   589 ;;		None
   590 ;; Return value:  Size  Location     Type
   591 ;;                  1    wreg      void 
   592 ;; Registers used:
   593 ;;		wreg, status,2
   594 ;; Tracked objects:
   595 ;;		On entry : 0/0
   596 ;;		On exit  : 0/0
   597 ;;		Unchanged: 0/0
   598 ;; Data sizes:     COMRAM   BANK5   BANK6   BANK7   BANK8   BANK9  BANK10  BANK11  BANK12  BANK13  BANK14  BANK15  BANK1
      +6  BANK17  BANK18  BANK19  BANK20  BANK21  BANK22  BANK23  BANK24  BANK25  BANK26  BANK27  BANK28  BANK29  BANK30  BANK3
      +1  BANK32  BANK33  BANK34  BANK35  BANK36  BANK37
   599 ;;      Params:         0       0       0       0       0       0       0       0       0       0       0       0       
      +0       0       0       0       0       0       0       0       0       0       0       0       0       0       0       
      +0       0       0       0       0       0       0
   600 ;;      Locals:         0       0       0       0       0       0       0       0       0       0       0       0       
      +0       0       0       0       0       0       0       0       0       0       0       0       0       0       0       
      +0       0       0       0       0       0       0
   601 ;;      Temps:          0       0       0       0       0       0       0       0       0       0       0       0       
      +0       0       0       0       0       0       0       0       0       0       0       0       0       0       0       
      +0       0       0       0       0       0       0
   602 ;;      Totals:         0       0       0       0       0       0       0       0       0       0       0       0       
      +0       0       0       0       0       0       0       0       0       0       0       0       0       0       0       
      +0       0       0       0       0       0       0
   603 ;;Total ram usage:        0 bytes
   604 ;; Hardware stack levels used:    1
   605 ;; This function calls:
   606 ;;		Nothing
   607 ;; This function is called by:
   608 ;;		_main
   609 ;; This function uses a non-reentrant model
   610 ;;
   611                           
   612                           	psect	text5
   613  01FE7C                     __ptext5:
   614                           	callstack 0
   615  01FE7C                     _GpioSetup:
   616                           	callstack 127
   617  01FE7C                     
   618                           ;encm369_pic18.c: 92:     TRISA=0;
   619  01FE7C  0E00               	movlw	0
   620  01FE7E  6EC6               	movwf	198,c	;volatile
   621                           
   622                           ;encm369_pic18.c: 93:     LATA= 0;
   623  01FE80  0E00               	movlw	0
   624  01FE82  6EBE               	movwf	190,c	;volatile
   625                           
   626                           ;encm369_pic18.c: 94:     ANSELA=0;
   627  01FE84  0E00               	movlw	0
   628  01FE86  0104               	movlb	4	; () banked
   629  01FE88  6F00               	movwf	0,b	;volatile
   630                           
   631                           ;encm369_pic18.c: 95:     TRISB=1;
   632  01FE8A  0E01               	movlw	1
   633  01FE8C  6EC7               	movwf	199,c	;volatile
   634                           
   635                           ;encm369_pic18.c: 96:     ANSELB=1;
   636  01FE8E  0E01               	movlw	1
   637  01FE90  6F08               	movwf	8,b	;volatile
   638  01FE92                     
   639                           ; BSR set to: 4
   640                           ;encm369_pic18.c: 97:     RB5=0;
   641  01FE92  9ACF               	bcf	1231,5,c	;volatile
   642  01FE94                     
   643                           ; BSR set to: 4
   644                           ;encm369_pic18.c: 98:     RA7=1;
   645  01FE94  8ECE               	bsf	1230,7,c	;volatile
   646  01FE96                     
   647                           ; BSR set to: 4
   648  01FE96  0012               	return		;funcret
   649  01FE98                     __end_of_GpioSetup:
   650                           	callstack 0
   651                           
   652 ;; *************** function _ClockSetup *****************
   653 ;; Defined at:
   654 ;;		line 70 in file "encm369_pic18.c"
   655 ;; Parameters:    Size  Location     Type
   656 ;;		None
   657 ;; Auto vars:     Size  Location     Type
   658 ;;		None
   659 ;; Return value:  Size  Location     Type
   660 ;;                  1    wreg      void 
   661 ;; Registers used:
   662 ;;		None
   663 ;; Tracked objects:
   664 ;;		On entry : 0/0
   665 ;;		On exit  : 0/0
   666 ;;		Unchanged: 0/0
   667 ;; Data sizes:     COMRAM   BANK5   BANK6   BANK7   BANK8   BANK9  BANK10  BANK11  BANK12  BANK13  BANK14  BANK15  BANK1
      +6  BANK17  BANK18  BANK19  BANK20  BANK21  BANK22  BANK23  BANK24  BANK25  BANK26  BANK27  BANK28  BANK29  BANK30  BANK3
      +1  BANK32  BANK33  BANK34  BANK35  BANK36  BANK37
   668 ;;      Params:         0       0       0       0       0       0       0       0       0       0       0       0       
      +0       0       0       0       0       0       0       0       0       0       0       0       0       0       0       
      +0       0       0       0       0       0       0
   669 ;;      Locals:         0       0       0       0       0       0       0       0       0       0       0       0       
      +0       0       0       0       0       0       0       0       0       0       0       0       0       0       0       
      +0       0       0       0       0       0       0
   670 ;;      Temps:          0       0       0       0       0       0       0       0       0       0       0       0       
      +0       0       0       0       0       0       0       0       0       0       0       0       0       0       0       
      +0       0       0       0       0       0       0
   671 ;;      Totals:         0       0       0       0       0       0       0       0       0       0       0       0       
      +0       0       0       0       0       0       0       0       0       0       0       0       0       0       0       
      +0       0       0       0       0       0       0
   672 ;;Total ram usage:        0 bytes
   673 ;; Hardware stack levels used:    1
   674 ;; This function calls:
   675 ;;		Nothing
   676 ;; This function is called by:
   677 ;;		_main
   678 ;; This function uses a non-reentrant model
   679 ;;
   680                           
   681                           	psect	text6
   682  01FE64                     __ptext6:
   683                           	callstack 0
   684  01FE64                     _ClockSetup:
   685                           	callstack 127
   686  01FE64  0012               	return		;funcret
   687  01FE66                     __end_of_ClockSetup:
   688                           	callstack 0
   689  0000                     
   690                           	psect	rparam
   691  0000                     
   692                           	psect	idloc
   693                           
   694                           ;Config register IDLOC0 @ 0x200000
   695                           ;	unspecified, using default values
   696  200000                     	org	2097152
   697  200000  0FFF               	dw	4095
   698                           
   699                           ;Config register IDLOC1 @ 0x200002
   700                           ;	unspecified, using default values
   701  200002                     	org	2097154
   702  200002  0FFF               	dw	4095
   703                           
   704                           ;Config register IDLOC2 @ 0x200004
   705                           ;	unspecified, using default values
   706  200004                     	org	2097156
   707  200004  0FFF               	dw	4095
   708                           
   709                           ;Config register IDLOC3 @ 0x200006
   710                           ;	unspecified, using default values
   711  200006                     	org	2097158
   712  200006  0FFF               	dw	4095
   713                           
   714                           ;Config register IDLOC4 @ 0x200008
   715                           ;	unspecified, using default values
   716  200008                     	org	2097160
   717  200008  0FFF               	dw	4095
   718                           
   719                           ;Config register IDLOC5 @ 0x20000A
   720                           ;	unspecified, using default values
   721  20000A                     	org	2097162
   722  20000A  0FFF               	dw	4095
   723                           
   724                           ;Config register IDLOC6 @ 0x20000C
   725                           ;	unspecified, using default values
   726  20000C                     	org	2097164
   727  20000C  0FFF               	dw	4095
   728                           
   729                           ;Config register IDLOC7 @ 0x20000E
   730                           ;	unspecified, using default values
   731  20000E                     	org	2097166
   732  20000E  0FFF               	dw	4095
   733                           
   734                           ;Config register IDLOC8 @ 0x200010
   735                           ;	unspecified, using default values
   736  200010                     	org	2097168
   737  200010  0FFF               	dw	4095
   738                           
   739                           ;Config register IDLOC9 @ 0x200012
   740                           ;	unspecified, using default values
   741  200012                     	org	2097170
   742  200012  0FFF               	dw	4095
   743                           
   744                           ;Config register IDLOC10 @ 0x200014
   745                           ;	unspecified, using default values
   746  200014                     	org	2097172
   747  200014  0FFF               	dw	4095
   748                           
   749                           ;Config register IDLOC11 @ 0x200016
   750                           ;	unspecified, using default values
   751  200016                     	org	2097174
   752  200016  0FFF               	dw	4095
   753                           
   754                           ;Config register IDLOC12 @ 0x200018
   755                           ;	unspecified, using default values
   756  200018                     	org	2097176
   757  200018  0FFF               	dw	4095
   758                           
   759                           ;Config register IDLOC13 @ 0x20001A
   760                           ;	unspecified, using default values
   761  20001A                     	org	2097178
   762  20001A  0FFF               	dw	4095
   763                           
   764                           ;Config register IDLOC14 @ 0x20001C
   765                           ;	unspecified, using default values
   766  20001C                     	org	2097180
   767  20001C  0FFF               	dw	4095
   768                           
   769                           ;Config register IDLOC15 @ 0x20001E
   770                           ;	unspecified, using default values
   771  20001E                     	org	2097182
   772  20001E  0FFF               	dw	4095
   773                           
   774                           	psect	config
   775                           
   776                           ;Config register CONFIG1 @ 0x300000
   777                           ;	External Oscillator Selection
   778                           ;	FEXTOSC = OFF, Oscillator not enabled
   779                           ;	Reset Oscillator Selection
   780                           ;	RSTOSC = HFINTOSC_64MHZ, HFINTOSC with HFFRQ = 64 MHz and CDIV = 1:1
   781  300000                     	org	3145728
   782  300000  8C                 	db	140
   783                           
   784                           ;Config register CONFIG2 @ 0x300001
   785                           ;	Clock out Enable bit
   786                           ;	CLKOUTEN = ON, CLKOUT function is enabled
   787                           ;	PRLOCKED One-Way Set Enable bit
   788                           ;	PR1WAY = ON, PRLOCKED bit can be cleared and set only once
   789                           ;	Clock Switch Enable bit
   790                           ;	CSWEN = ON, Writing to NOSC and NDIV is allowed
   791                           ;	Fail-Safe Clock Monitor Enable bit
   792                           ;	FCMEN = ON, Fail-Safe Clock Monitor enabled
   793  300001                     	org	3145729
   794  300001  FE                 	db	254
   795                           
   796                           ;Config register CONFIG3 @ 0x300002
   797                           ;	MCLR Enable bit
   798                           ;	MCLRE = EXTMCLR, If LVP = 0, MCLR pin is MCLR; If LVP = 1, RE3 pin function is MCLR
   799                           ;	Power-up timer selection bits
   800                           ;	PWRTS = PWRT_OFF, PWRT is disabled
   801                           ;	Multi-vector enable bit
   802                           ;	MVECEN = ON, Multi-vector enabled, Vector table used for interrupts
   803                           ;	IVTLOCK bit One-way set enable bit
   804                           ;	IVT1WAY = ON, IVTLOCKED bit can be cleared and set only once
   805                           ;	Low Power BOR Enable bit
   806                           ;	LPBOREN = OFF, Low-Power BOR disabled
   807                           ;	Brown-out Reset Enable bits
   808                           ;	BOREN = SBORDIS, Brown-out Reset enabled , SBOREN bit is ignored
   809  300002                     	org	3145730
   810  300002  FF                 	db	255
   811                           
   812                           ;Config register CONFIG4 @ 0x300003
   813                           ;	Brown-out Reset Voltage Selection bits
   814                           ;	BORV = VBOR_2P85, Brown-out Reset Voltage (VBOR) set to 2.8V
   815                           ;	ZCD Disable bit
   816                           ;	ZCD = OFF, ZCD module is disabled. ZCD can be enabled by setting the ZCDSEN bit of ZCD
      +                          CON
   817                           ;	PPSLOCK bit One-Way Set Enable bit
   818                           ;	PPS1WAY = ON, PPSLOCKED bit can be cleared and set only once; PPS registers remain loc
      +                          ked after one clear/set cycle
   819                           ;	Stack Full/Underflow Reset Enable bit
   820                           ;	STVREN = ON, Stack full/underflow will cause Reset
   821                           ;	Low Voltage Programming Enable bit
   822                           ;	LVP = ON, Low voltage programming enabled. MCLR/VPP pin function is MCLR. MCLRE config
      +                          uration bit is ignored
   823                           ;	Extended Instruction Set Enable bit
   824                           ;	XINST = OFF, Extended Instruction Set and Indexed Addressing Mode disabled
   825  300003                     	org	3145731
   826  300003  FC                 	db	252
   827                           
   828                           ;Config register CONFIG5 @ 0x300004
   829                           ;	WDT Period selection bits
   830                           ;	WDTCPS = WDTCPS_31, Divider ratio 1:65536; software control of WDTPS
   831                           ;	WDT operating mode
   832                           ;	WDTE = OFF, WDT Disabled; SWDTEN is ignored
   833  300004                     	org	3145732
   834  300004  9F                 	db	159
   835                           
   836                           ;Config register CONFIG6 @ 0x300005
   837                           ;	WDT Window Select bits
   838                           ;	WDTCWS = WDTCWS_7, window always open (100%); software control; keyed access not requi
      +                          red
   839                           ;	WDT input clock selector
   840                           ;	WDTCCS = SC, Software Control
   841  300005                     	org	3145733
   842  300005  FF                 	db	255
   843                           
   844                           ;Config register CONFIG7 @ 0x300006
   845                           ;	Boot Block Size selection bits
   846                           ;	BBSIZE = BBSIZE_512, Boot Block size is 512 words
   847                           ;	Boot Block enable bit
   848                           ;	BBEN = OFF, Boot block disabled
   849                           ;	Storage Area Flash enable bit
   850                           ;	SAFEN = OFF, SAF disabled
   851                           ;	Background Debugger
   852                           ;	DEBUG = OFF, Background Debugger disabled
   853  300006                     	org	3145734
   854  300006  FF                 	db	255
   855                           
   856                           ;Config register CONFIG8 @ 0x300007
   857                           ;	Boot Block Write Protection bit
   858                           ;	WRTB = OFF, Boot Block not Write protected
   859                           ;	Configuration Register Write Protection bit
   860                           ;	WRTC = OFF, Configuration registers not Write protected
   861                           ;	Data EEPROM Write Protection bit
   862                           ;	WRTD = OFF, Data EEPROM not Write protected
   863                           ;	SAF Write protection bit
   864                           ;	WRTSAF = OFF, SAF not Write Protected
   865                           ;	Application Block write protection bit
   866                           ;	WRTAPP = OFF, Application Block not write protected
   867  300007                     	org	3145735
   868  300007  FF                 	db	255
   869                           
   870                           ; Padding undefined space
   871  300008                     	org	3145736
   872  300008  FF                 	db	255
   873                           
   874                           ;Config register CONFIG10 @ 0x300009
   875                           ;	PFM and Data EEPROM Code Protection bit
   876                           ;	CP = OFF, PFM and Data EEPROM code protection disabled
   877  300009                     	org	3145737
   878  300009  FF                 	db	255
   879                           tosu	equ	0x4FF
   880                           tosh	equ	0x4FE
   881                           tosl	equ	0x4FD
   882                           stkptr	equ	0x4FC
   883                           pclatu	equ	0x4FB
   884                           pclath	equ	0x4FA
   885                           pcl	equ	0x4F9
   886                           tblptru	equ	0x4F8
   887                           tblptrh	equ	0x4F7
   888                           tblptrl	equ	0x4F6
   889                           tablat	equ	0x4F5
   890                           prodh	equ	0x4F4
   891                           prodl	equ	0x4F3
   892                           indf0	equ	0x4EF
   893                           postinc0	equ	0x4EE
   894                           postdec0	equ	0x4ED
   895                           preinc0	equ	0x4EC
   896                           plusw0	equ	0x4EB
   897                           fsr0h	equ	0x4EA
   898                           fsr0l	equ	0x4E9
   899                           wreg	equ	0x4E8
   900                           indf1	equ	0x4E7
   901                           postinc1	equ	0x4E6
   902                           postdec1	equ	0x4E5
   903                           preinc1	equ	0x4E4
   904                           plusw1	equ	0x4E3
   905                           fsr1h	equ	0x4E2
   906                           fsr1l	equ	0x4E1
   907                           bsr	equ	0x4E0
   908                           indf2	equ	0x4DF
   909                           postinc2	equ	0x4DE
   910                           postdec2	equ	0x4DD
   911                           preinc2	equ	0x4DC
   912                           plusw2	equ	0x4DB
   913                           fsr2h	equ	0x4DA
   914                           fsr2l	equ	0x4D9
   915                           status	equ	0x4D8

Data Sizes:
    Strings     0
    Constant    0
    Data        0
    BSS         13
    Persistent  0
    Stack       0

Auto Spaces:
    Space          Size  Autos    Used
    COMRAM           95      8      21
    BANK5           160      0       0
    BANK6           256      0       0
    BANK7           256      0       0
    BANK8           256      0       0
    BANK9           256      0       0
    BANK10          256      0       0
    BANK11          256      0       0
    BANK12          256      0       0
    BANK13          256      0       0
    BANK14          256      0       0
    BANK15          256      0       0
    BANK16          256      0       0
    BANK17          256      0       0
    BANK18          256      0       0
    BANK19          256      0       0
    BANK20          256      0       0
    BANK21          256      0       0
    BANK22          256      0       0
    BANK23          256      0       0
    BANK24          256      0       0
    BANK25          256      0       0
    BANK26          256      0       0
    BANK27          256      0       0
    BANK28          256      0       0
    BANK29          256      0       0
    BANK30          256      0       0
    BANK31          256      0       0
    BANK32          256      0       0
    BANK33          256      0       0
    BANK34          256      0       0
    BANK35          256      0       0
    BANK36          256      0       0
    BANK37          256      0       0

Pointer List with Targets:

    None.

Critical Paths under _main in COMRAM

    _main->_UserAppRun

Critical Paths under _main in BANK5

    None.

Critical Paths under _main in BANK6

    None.

Critical Paths under _main in BANK7

    None.

Critical Paths under _main in BANK8

    None.

Critical Paths under _main in BANK9

    None.

Critical Paths under _main in BANK10

    None.

Critical Paths under _main in BANK11

    None.

Critical Paths under _main in BANK12

    None.

Critical Paths under _main in BANK13

    None.

Critical Paths under _main in BANK14

    None.

Critical Paths under _main in BANK15

    None.

Critical Paths under _main in BANK16

    None.

Critical Paths under _main in BANK17

    None.

Critical Paths under _main in BANK18

    None.

Critical Paths under _main in BANK19

    None.

Critical Paths under _main in BANK20

    None.

Critical Paths under _main in BANK21

    None.

Critical Paths under _main in BANK22

    None.

Critical Paths under _main in BANK23

    None.

Critical Paths under _main in BANK24

    None.

Critical Paths under _main in BANK25

    None.

Critical Paths under _main in BANK26

    None.

Critical Paths under _main in BANK27

    None.

Critical Paths under _main in BANK28

    None.

Critical Paths under _main in BANK29

    None.

Critical Paths under _main in BANK30

    None.

Critical Paths under _main in BANK31

    None.

Critical Paths under _main in BANK32

    None.

Critical Paths under _main in BANK33

    None.

Critical Paths under _main in BANK34

    None.

Critical Paths under _main in BANK35

    None.

Critical Paths under _main in BANK36

    None.

Critical Paths under _main in BANK37

    None.

Call Graph Tables:

 ---------------------------------------------------------------------------------
 (Depth) Function   	        Calls       Base Space   Used Autos Params    Refs
 ---------------------------------------------------------------------------------
 (0) _main                                                 0     0      0     165
                         _ClockSetup
                          _GpioSetup
                       _SysTickSetup
                        _SystemSleep
                  _UserAppInitialize
                         _UserAppRun
 ---------------------------------------------------------------------------------
 (1) _UserAppRun                                           8     8      0     165
                                              0 COMRAM     8     8      0
 ---------------------------------------------------------------------------------
 (1) _UserAppInitialize                                    0     0      0       0
 ---------------------------------------------------------------------------------
 (1) _SystemSleep                                          0     0      0       0
 ---------------------------------------------------------------------------------
 (1) _SysTickSetup                                         0     0      0       0
 ---------------------------------------------------------------------------------
 (1) _GpioSetup                                            0     0      0       0
 ---------------------------------------------------------------------------------
 (1) _ClockSetup                                           0     0      0       0
 ---------------------------------------------------------------------------------
 Estimated maximum stack depth 1
 ---------------------------------------------------------------------------------

 Call Graph Graphs:

 _main (ROOT)
   _ClockSetup
   _GpioSetup
   _SysTickSetup
   _SystemSleep
   _UserAppInitialize
   _UserAppRun

 Address spaces:
Name               Size   Autos  Total    Cost      Usage
BIGRAM            20FF      0       0      71        0.0%
EEDATA             400      0       0       0        0.0%
BITBANK37          100      0       0      70        0.0%
BANK37             100      0       0      68        0.0%
BITBANK36          100      0       0      66        0.0%
BANK36             100      0       0      67        0.0%
BITBANK35          100      0       0      64        0.0%
BANK35             100      0       0      65        0.0%
BITBANK34          100      0       0      62        0.0%
BANK34             100      0       0      63        0.0%
BITBANK33          100      0       0      60        0.0%
BANK33             100      0       0      61        0.0%
BITBANK32          100      0       0      58        0.0%
BANK32             100      0       0      59        0.0%
BITBANK31          100      0       0      56        0.0%
BANK31             100      0       0      57        0.0%
BITBANK30          100      0       0      54        0.0%
BANK30             100      0       0      55        0.0%
BITBANK29          100      0       0      52        0.0%
BANK29             100      0       0      53        0.0%
BITBANK28          100      0       0      50        0.0%
BANK28             100      0       0      51        0.0%
BITBANK27          100      0       0      48        0.0%
BANK27             100      0       0      49        0.0%
BITBANK26          100      0       0      46        0.0%
BANK26             100      0       0      47        0.0%
BITBANK25          100      0       0      44        0.0%
BANK25             100      0       0      45        0.0%
BITBANK24          100      0       0      42        0.0%
BANK24             100      0       0      43        0.0%
BITBANK23          100      0       0      40        0.0%
BANK23             100      0       0      41        0.0%
BITBANK22          100      0       0      38        0.0%
BANK22             100      0       0      39        0.0%
BITBANK21          100      0       0      36        0.0%
BANK21             100      0       0      37        0.0%
BITBANK20          100      0       0      34        0.0%
BANK20             100      0       0      35        0.0%
BITBANK19          100      0       0      32        0.0%
BANK19             100      0       0      33        0.0%
BITBANK18          100      0       0      30        0.0%
BANK18             100      0       0      31        0.0%
BITBANK17          100      0       0      28        0.0%
BANK17             100      0       0      29        0.0%
BITBANK16          100      0       0      26        0.0%
BANK16             100      0       0      27        0.0%
BITBANK15          100      0       0      24        0.0%
BANK15             100      0       0      25        0.0%
BITBANK14          100      0       0      22        0.0%
BANK14             100      0       0      23        0.0%
BITBANK13          100      0       0      20        0.0%
BANK13             100      0       0      21        0.0%
BITBANK12          100      0       0      18        0.0%
BANK12             100      0       0      19        0.0%
BITBANK11          100      0       0      16        0.0%
BANK11             100      0       0      17        0.0%
BITBANK10          100      0       0      14        0.0%
BANK10             100      0       0      15        0.0%
BITBANK9           100      0       0      12        0.0%
BANK9              100      0       0      13        0.0%
BITBANK8           100      0       0      10        0.0%
BANK8              100      0       0      11        0.0%
BITBANK7           100      0       0       8        0.0%
BANK7              100      0       0       9        0.0%
BITBANK6           100      0       0       6        0.0%
BANK6              100      0       0       7        0.0%
BITBANK5            A0      0       0       4        0.0%
BANK5               A0      0       0       5        0.0%
BITCOMRAM           5F      0       0       0        0.0%
COMRAM              5F      8      15       1       22.1%
BITSFR_5             0      0       0     200        0.0%
SFR_5                0      0       0     200        0.0%
BITSFR_4             0      0       0     200        0.0%
SFR_4                0      0       0     200        0.0%
BITSFR_3             0      0       0     200        0.0%
SFR_3                0      0       0     200        0.0%
BITSFR_2             0      0       0     200        0.0%
SFR_2                0      0       0     200        0.0%
BITSFR_1             0      0       0     200        0.0%
SFR_1                0      0       0     200        0.0%
BITSFR               0      0       0     200        0.0%
SFR                  0      0       0     200        0.0%
STACK                0      0       0       2        0.0%
NULL                 0      0       0       0        0.0%
ABS                  0      0      15      69        0.0%
DATA                 0      0      15       3        0.0%
CODE                 0      0       0       0        0.0%


Microchip Technology PIC18 Macro Assembler V2.31 build 20201012212115 
Symbol Table                                                                                   Thu Feb 25 17:59:27 2021

      __size_of_SysTickSetup 0022                           l21 FE64                           l30 FE66  
                         l24 FE96                           l27 FEB8                           l90 FF8C  
                         l91 FFA0                           l83 FF48                           l92 FFA2  
                         l84 FF4A                           l77 FE68                           l93 FFB6  
                         l85 FF5E                           l86 FF60                           l95 FFFA  
                         l87 FF74                           l88 FF76                           l89 FF8A  
                         u10 FF24                           u11 FF20                           u20 FF34  
                         u21 FF30                           u30 FF42                           u31 FF3E  
                         u40 FF58                           u41 FF54                           u50 FF6E  
                         u51 FF6A                           u60 FF84                           u61 FF80  
                         u70 FF9A                           u71 FF96                           u80 FFB0  
                         u81 FFAC                           u90 FFFA                           u91 FFF6  
                        l801 FF84                          l811 FFD4                          l803 FF9A  
                        l813 FFE0                          l805 FFB0                          l807 FFB8  
                        l831 FEBA                          l809 FFD0                          l841 FECC  
                        l833 FEBC                          l771 FE7C                          l843 FED0  
                        l835 FEC0                          l773 FE92                          l829 FE98  
                        l837 FEC4                          l775 FE94                          l791 FF24  
                        l839 FEC8                          l793 FF34                          l785 FEF4  
                        l795 FF42                          l787 FEFC                          l779 FEDC  
                        l797 FF58                          l789 FF14                          l799 FF6E  
                        _RA0 002670                          _RA1 002671                          _RA2 002672  
                        _RA3 002673                          _RA4 002674                          _RA5 002675  
                        _RB5 00267D                          _RA7 002677                          u107 FF06  
                        u117 FFC2                          wreg 0004E8                         _LATA 0004BE  
                       _main FEBA                 _SysTickSetup FE98                         start FFFC  
       __size_of_SystemSleep 0002                 ___param_bank 000000                   _ClockSetup FE64  
                      ?_main 050E                        _TRISA 0004C6                        _TRISB 0004C7  
                      status 0004D8              __initialization FE6A                 __end_of_main FEDC  
                     ??_main 0516                __activetblptr 000000                       _ANSELA 000400  
                     _ANSELB 000408           __size_of_GpioSetup 001C                  ?_ClockSetup 050E  
                     clear_0 FE70                   _UserAppRun FEDC                   __accesstop 0560  
    __end_of__initialization FE76                ___rparam_used 000001             _G_u8UserAppFlags 050D  
             __pcstackCOMRAM 050E            __end_of_GpioSetup FE98          __size_of_ClockSetup 0002  
                ?_UserAppRun 050E                ??_SystemSleep 050E                      __Hparam 0000  
                    __Lparam 0000           UserAppRun@u8Button 0511                      __pcinit FE6A  
                    __ramtop 2600                      __ptext0 FEBA                      __ptext1 FEDC  
                    __ptext2 FE68                      __ptext3 FE66                      __ptext4 FE98  
                    __ptext5 FE7C                      __ptext6 FE64         end_of_initialization FE76  
           _G_u32SystemFlags 0501                      postinc0 0004EE          __end_of_SystemSleep FE68  
               ??_ClockSetup 050E          __size_of_UserAppRun 0120           __end_of_ClockSetup FE66  
UserAppRun@u8ButtonLastState 0510         UserAppRun@u32counter 0512                    _GpioSetup FE7C  
        start_initialization FE6A                ?_SysTickSetup 050E                  _SystemSleep FE66  
                 ?_GpioSetup 050E                  __pbssCOMRAM 0501            _UserAppInitialize FE68  
               ??_UserAppRun 050E           ?_UserAppInitialize 050E               ??_SysTickSetup 050E  
        ??_UserAppInitialize 050E           __end_of_UserAppRun FFFC    __end_of_UserAppInitialize FE6A  
                ??_GpioSetup 050E                     __Hrparam 0000                     __Lrparam 0000  
       __end_of_SysTickSetup FEBA   __size_of_UserAppInitialize 0002                __size_of_main 0022  
               ?_SystemSleep 050E           _G_u32SystemTime1ms 0509            _G_u32SystemTime1s 0505  
