

Microchip MPLAB XC8 Assembler V2.31 build 20201012212115 
                                                                                               Thu Feb 25 17:14:40 2021

Microchip MPLAB XC8 C Compiler v2.31 (Free license) build 20201012212115 Og1 
     1                           	processor	18F27Q43
     2                           	fnconf	rparam,??,?,0
     3                           	pagewidth 120
     4                           	opt	flic
     5                           	psect	cinit,global,reloc=2,class=CODE,delta=1
     6                           	psect	bssCOMRAM,global,class=COMRAM,space=1,delta=1,lowdata,noexec
     7                           	psect	cstackCOMRAM,global,class=COMRAM,space=1,delta=1,lowdata,noexec
     8                           	psect	text0,global,reloc=2,class=CODE,delta=1
     9                           	psect	text1,global,reloc=2,class=CODE,delta=1
    10                           	psect	text2,global,reloc=2,class=CODE,delta=1
    11                           	psect	text3,global,reloc=2,class=CODE,delta=1
    12                           	psect	text4,global,reloc=2,class=CODE,delta=1
    13                           	psect	text5,global,reloc=2,class=CODE,delta=1
    14                           	psect	text6,global,reloc=2,class=CODE,delta=1
    15                           	psect	intsave_regs,global,class=BIGRAM,space=1,delta=1,noexec
    16                           	psect	rparam,global,class=COMRAM,space=1,delta=1,noexec
    17                           	psect	idloc,global,abs,ovrld,class=IDLOC,space=5,delta=1,noexec
    18                           	psect	config,global,abs,ovrld,class=CONFIG,space=4,delta=1,noexec
    19  0000                     
    20                           ; Version 2.30
    21                           ; Generated 20/08/2020 GMT
    22                           ; 
    23                           ; Copyright © 2020, Microchip Technology Inc. and its subsidiaries ("Microchip")
    24                           ; All rights reserved.
    25                           ; 
    26                           ; This software is developed by Microchip Technology Inc. and its subsidiaries ("Microch
      +                          ip").
    27                           ; 
    28                           ; Redistribution and use in source and binary forms, with or without modification, are
    29                           ; permitted provided that the following conditions are met:
    30                           ; 
    31                           ;     1. Redistributions of source code must retain the above copyright notice, this lis
      +                          t of
    32                           ;        conditions and the following disclaimer.
    33                           ; 
    34                           ;     2. Redistributions in binary form must reproduce the above copyright notice, this 
      +                          list
    35                           ;        of conditions and the following disclaimer in the documentation and/or other
    36                           ;        materials provided with the distribution. Publication is not required when
    37                           ;        this file is used in an embedded application.
    38                           ; 
    39                           ;     3. Microchip's name may not be used to endorse or promote products derived from th
      +                          is
    40                           ;        software without specific prior written permission.
    41                           ; 
    42                           ; THIS SOFTWARE IS PROVIDED BY MICROCHIP "AS IS" AND ANY EXPRESS OR IMPLIED WARRANTIES,
    43                           ; INCLUDING, BUT NOT LIMITED TO, THE IMPLIED WARRANTIES OF MERCHANTABILITY AND FITNESS F
      +                          OR
    44                           ; PURPOSE ARE DISCLAIMED.  IN NO EVENT SHALL MICROCHIP BE LIABLE FOR ANY DIRECT, INDIREC
      +                          T,
    45                           ; INCIDENTAL, SPECIAL, EXEMPLARY, OR CONSEQUENTIAL DAMAGES (INCLUDING BUT NOT LIMITED TO
    46                           ; PROCUREMENT OF SUBSTITUTE GOODS OR SERVICES; LOSS OF USE, DATA OR PROFITS; OR BUSINESS
    47                           ; INTERRUPTION) HOWSOEVER CAUSED AND ON ANY THEORY OF LIABILITY, WHETHER IN CONTRACT, ST
      +                          RICT
    48                           ; LIABILITY, OR TORT (INCLUDING NEGLIGENCE OR OTHERWISE) ARISING IN ANY WAY OUT OF THE U
      +                          SE OF
    49                           ; THIS SOFTWARE, EVEN IF ADVISED OF THE POSSIBILITY OF SUCH DAMAGE.
    50                           ; 
    51                           ; 
    52                           ; Code-generator required, PIC18F27Q43 Definitions
    53                           ; 
    54                           ; SFR Addresses
    55  0000                     _ANSELB	set	1032
    56  0000                     _ANSELA	set	1024
    57  0000                     _TRISB	set	1223
    58  0000                     _LATA	set	1214
    59  0000                     _TRISA	set	1222
    60  0000                     _RA5	set	9845
    61  0000                     _RA4	set	9844
    62  0000                     _RA3	set	9843
    63  0000                     _RA2	set	9842
    64  0000                     _RA1	set	9841
    65  0000                     _RA0	set	9840
    66  0000                     _RA7	set	9847
    67  0000                     _RB5	set	9853
    68                           
    69                           ; #config settings
    70                           
    71                           	psect	cinit
    72  01FE8E                     __pcinit:
    73                           	callstack 0
    74  01FE8E                     start_initialization:
    75                           	callstack 0
    76  01FE8E                     __initialization:
    77                           	callstack 0
    78                           
    79                           ; Clear objects allocated to COMRAM (13 bytes)
    80  01FE8E  EE01  F101         	lfsr	0,__pbssCOMRAM
    81  01FE92  0E0D               	movlw	13
    82  01FE94                     clear_0:
    83  01FE94  6AEE               	clrf	postinc0,c
    84  01FE96  06E8               	decf	wreg,f,c
    85  01FE98  E1FD               	bnz	clear_0
    86  01FE9A                     end_of_initialization:
    87                           	callstack 0
    88  01FE9A                     __end_of__initialization:
    89                           	callstack 0
    90  01FE9A  0100               	movlb	0
    91  01FE9C  EF6F  F0FF         	goto	_main	;jump to C main() function
    92                           
    93                           	psect	bssCOMRAM
    94  000501                     __pbssCOMRAM:
    95                           	callstack 0
    96  000501                     _G_u32SystemFlags:
    97                           	callstack 0
    98  000501                     	ds	4
    99  000505                     _G_u32SystemTime1s:
   100                           	callstack 0
   101  000505                     	ds	4
   102  000509                     _G_u32SystemTime1ms:
   103                           	callstack 0
   104  000509                     	ds	4
   105  00050D                     _G_u8UserAppFlags:
   106                           	callstack 0
   107  00050D                     	ds	1
   108                           
   109                           	psect	cstackCOMRAM
   110  00050E                     __pcstackCOMRAM:
   111                           	callstack 0
   112  00050E                     ??_UserAppRun:
   113  00050E                     
   114                           ; 1 bytes @ 0x0
   115  00050E                     	ds	2
   116  000510                     UserAppRun@u8ButtonLastState:
   117                           	callstack 0
   118                           
   119                           ; 1 bytes @ 0x2
   120  000510                     	ds	1
   121  000511                     UserAppRun@u8Button:
   122                           	callstack 0
   123                           
   124                           ; 1 bytes @ 0x3
   125  000511                     	ds	1
   126  000512                     UserAppRun@u32counter:
   127                           	callstack 0
   128                           
   129                           ; 4 bytes @ 0x4
   130  000512                     	ds	4
   131  000516                     
   132                           ; 1 bytes @ 0x8
   133 ;;
   134 ;;Main: autosize = 0, tempsize = 0, incstack = 0, save=0
   135 ;;
   136 ;; *************** function _main *****************
   137 ;; Defined at:
   138 ;;		line 35 in file "main.c"
   139 ;; Parameters:    Size  Location     Type
   140 ;;		None
   141 ;; Auto vars:     Size  Location     Type
   142 ;;		None
   143 ;; Return value:  Size  Location     Type
   144 ;;                  1    wreg      void 
   145 ;; Registers used:
   146 ;;		wreg, status,2, status,0, cstack
   147 ;; Tracked objects:
   148 ;;		On entry : 0/0
   149 ;;		On exit  : 0/0
   150 ;;		Unchanged: 0/0
   151 ;; Data sizes:     COMRAM   BANK5   BANK6   BANK7   BANK8   BANK9  BANK10  BANK11  BANK12  BANK13  BANK14  BANK15  BANK1
      +6  BANK17  BANK18  BANK19  BANK20  BANK21  BANK22  BANK23  BANK24  BANK25  BANK26  BANK27  BANK28  BANK29  BANK30  BANK3
      +1  BANK32  BANK33  BANK34  BANK35  BANK36  BANK37
   152 ;;      Params:         0       0       0       0       0       0       0       0       0       0       0       0       
      +0       0       0       0       0       0       0       0       0       0       0       0       0       0       0       
      +0       0       0       0       0       0       0
   153 ;;      Locals:         0       0       0       0       0       0       0       0       0       0       0       0       
      +0       0       0       0       0       0       0       0       0       0       0       0       0       0       0       
      +0       0       0       0       0       0       0
   154 ;;      Temps:          0       0       0       0       0       0       0       0       0       0       0       0       
      +0       0       0       0       0       0       0       0       0       0       0       0       0       0       0       
      +0       0       0       0       0       0       0
   155 ;;      Totals:         0       0       0       0       0       0       0       0       0       0       0       0       
      +0       0       0       0       0       0       0       0       0       0       0       0       0       0       0       
      +0       0       0       0       0       0       0
   156 ;;Total ram usage:        0 bytes
   157 ;; Hardware stack levels required when called:    1
   158 ;; This function calls:
   159 ;;		_ClockSetup
   160 ;;		_GpioSetup
   161 ;;		_SysTickSetup
   162 ;;		_SystemSleep
   163 ;;		_UserAppInitialize
   164 ;;		_UserAppRun
   165 ;; This function is called by:
   166 ;;		Startup code after reset
   167 ;; This function uses a non-reentrant model
   168 ;;
   169                           
   170                           	psect	text0
   171  01FEDE                     __ptext0:
   172                           	callstack 0
   173  01FEDE                     _main:
   174                           	callstack 127
   175  01FEDE                     
   176                           ;main.c: 37:   G_u32SystemFlags |= (u32)0x80000000;
   177  01FEDE  8E04               	bsf	(_G_u32SystemFlags+3)^(0+1280),7,c	;volatile
   178  01FEE0                     
   179                           ;main.c: 40:   ClockSetup();
   180  01FEE0  EC44  F0FF         	call	_ClockSetup	;wreg free
   181  01FEE4                     
   182                           ;main.c: 41:   SysTickSetup();
   183  01FEE4  EC5E  F0FF         	call	_SysTickSetup	;wreg free
   184  01FEE8                     
   185                           ;main.c: 42:   GpioSetup();
   186  01FEE8  EC50  F0FF         	call	_GpioSetup	;wreg free
   187  01FEEC                     
   188                           ;main.c: 47:   UserAppInitialize();
   189  01FEEC  EC46  F0FF         	call	_UserAppInitialize	;wreg free
   190  01FEF0                     l835:
   191                           
   192                           ;main.c: 53:   {;main.c: 57:     UserAppRun();
   193  01FEF0  EC80  F0FF         	call	_UserAppRun	;wreg free
   194  01FEF4                     
   195                           ;main.c: 62:     SystemSleep();
   196  01FEF4  EC45  F0FF         	call	_SystemSleep	;wreg free
   197  01FEF8  EF78  F0FF         	goto	l835
   198  01FEFC  EFFE  F0FF         	goto	start
   199  01FF00                     __end_of_main:
   200                           	callstack 0
   201                           
   202 ;; *************** function _UserAppRun *****************
   203 ;; Defined at:
   204 ;;		line 96 in file "user_app.c"
   205 ;; Parameters:    Size  Location     Type
   206 ;;		None
   207 ;; Auto vars:     Size  Location     Type
   208 ;;  u32counter      4    4[COMRAM] unsigned long 
   209 ;;  u8Button        1    3[COMRAM] unsigned char 
   210 ;;  u8ButtonLast    1    2[COMRAM] unsigned char 
   211 ;; Return value:  Size  Location     Type
   212 ;;                  1    wreg      void 
   213 ;; Registers used:
   214 ;;		wreg, status,2, status,0
   215 ;; Tracked objects:
   216 ;;		On entry : 0/0
   217 ;;		On exit  : 0/0
   218 ;;		Unchanged: 0/0
   219 ;; Data sizes:     COMRAM   BANK5   BANK6   BANK7   BANK8   BANK9  BANK10  BANK11  BANK12  BANK13  BANK14  BANK15  BANK1
      +6  BANK17  BANK18  BANK19  BANK20  BANK21  BANK22  BANK23  BANK24  BANK25  BANK26  BANK27  BANK28  BANK29  BANK30  BANK3
      +1  BANK32  BANK33  BANK34  BANK35  BANK36  BANK37
   220 ;;      Params:         0       0       0       0       0       0       0       0       0       0       0       0       
      +0       0       0       0       0       0       0       0       0       0       0       0       0       0       0       
      +0       0       0       0       0       0       0
   221 ;;      Locals:         6       0       0       0       0       0       0       0       0       0       0       0       
      +0       0       0       0       0       0       0       0       0       0       0       0       0       0       0       
      +0       0       0       0       0       0       0
   222 ;;      Temps:          2       0       0       0       0       0       0       0       0       0       0       0       
      +0       0       0       0       0       0       0       0       0       0       0       0       0       0       0       
      +0       0       0       0       0       0       0
   223 ;;      Totals:         8       0       0       0       0       0       0       0       0       0       0       0       
      +0       0       0       0       0       0       0       0       0       0       0       0       0       0       0       
      +0       0       0       0       0       0       0
   224 ;;Total ram usage:        8 bytes
   225 ;; Hardware stack levels used:    1
   226 ;; This function calls:
   227 ;;		Nothing
   228 ;; This function is called by:
   229 ;;		_main
   230 ;; This function uses a non-reentrant model
   231 ;;
   232                           
   233                           	psect	text1
   234  01FF00                     __ptext1:
   235                           	callstack 0
   236  01FF00                     _UserAppRun:
   237                           	callstack 127
   238  01FF00                     
   239                           ;user_app.c: 98:      u32 u32counter ;;user_app.c: 99:      u8 u8ButtonLastState = RB5;
   240  01FF00  0E00               	movlw	0
   241  01FF02  BACF               	btfsc	1231,5,c	;volatile
   242  01FF04  0E01               	movlw	1
   243  01FF06  6E10               	movwf	UserAppRun@u8ButtonLastState^(0+1280),c
   244                           
   245                           ;user_app.c: 100:      u8 u8Button;;user_app.c: 102:      for(u32counter=0x00 ; u32count
      +                          er<=0x40 ; u32counter+0x01)
   246  01FF08  0E00               	movlw	0
   247  01FF0A  6E12               	movwf	UserAppRun@u32counter^(0+1280),c
   248  01FF0C  0E00               	movlw	0
   249  01FF0E  6E13               	movwf	(UserAppRun@u32counter+1)^(0+1280),c
   250  01FF10  0E00               	movlw	0
   251  01FF12  6E14               	movwf	(UserAppRun@u32counter+2)^(0+1280),c
   252  01FF14  0E00               	movlw	0
   253  01FF16  6E15               	movwf	(UserAppRun@u32counter+3)^(0+1280),c
   254  01FF18                     l785:
   255                           
   256                           ;user_app.c: 103:     {;user_app.c: 104:         u8Button = RB5;
   257  01FF18  0E00               	movlw	0
   258  01FF1A  BACF               	btfsc	1231,5,c	;volatile
   259  01FF1C  0E01               	movlw	1
   260  01FF1E  6E11               	movwf	UserAppRun@u8Button^(0+1280),c
   261                           
   262                           ;user_app.c: 105:         if(u8Button == 0x00 && u8ButtonLastState == 0x01){
   263  01FF20  5011               	movf	UserAppRun@u8Button^(0+1280),w,c
   264  01FF22  A4D8               	btfss	status,2,c
   265  01FF24  EF96  F0FF         	goto	u11
   266  01FF28  EF98  F0FF         	goto	u10
   267  01FF2C                     u11:
   268  01FF2C  EFEE  F0FF         	goto	l805
   269  01FF30                     u10:
   270  01FF30  0410               	decf	UserAppRun@u8ButtonLastState^(0+1280),w,c
   271  01FF32  A4D8               	btfss	status,2,c
   272  01FF34  EF9E  F0FF         	goto	u21
   273  01FF38  EFA0  F0FF         	goto	u20
   274  01FF3C                     u21:
   275  01FF3C  EFEE  F0FF         	goto	l805
   276  01FF40                     u20:
   277  01FF40                     
   278                           ;user_app.c: 106:        if((0x01 & u32counter) != 0x00)
   279  01FF40  A012               	btfss	UserAppRun@u32counter^(0+1280),0,c
   280  01FF42  EFA5  F0FF         	goto	u31
   281  01FF46  EFA7  F0FF         	goto	u30
   282  01FF4A                     u31:
   283  01FF4A  EFAA  F0FF         	goto	l83
   284  01FF4E                     u30:
   285  01FF4E                     
   286                           ;user_app.c: 107:         {;user_app.c: 108:             RA0=0x01;
   287  01FF4E  80CE               	bsf	1230,0,c	;volatile
   288                           
   289                           ;user_app.c: 109:         }
   290  01FF50  EFAB  F0FF         	goto	l84
   291  01FF54                     l83:
   292                           
   293                           ;user_app.c: 111:         {;user_app.c: 112:             RA0=0x00;
   294  01FF54  90CE               	bcf	1230,0,c	;volatile
   295  01FF56                     l84:
   296                           
   297                           ;user_app.c: 114:         if((0x02 & u32counter) != 0x00)
   298  01FF56  A212               	btfss	UserAppRun@u32counter^(0+1280),1,c
   299  01FF58  EFB0  F0FF         	goto	u41
   300  01FF5C  EFB2  F0FF         	goto	u40
   301  01FF60                     u41:
   302  01FF60  EFB5  F0FF         	goto	l85
   303  01FF64                     u40:
   304  01FF64                     
   305                           ;user_app.c: 115:         {;user_app.c: 116:             RA1=0x01;
   306  01FF64  82CE               	bsf	1230,1,c	;volatile
   307                           
   308                           ;user_app.c: 117:         }
   309  01FF66  EFB6  F0FF         	goto	l86
   310  01FF6A                     l85:
   311                           
   312                           ;user_app.c: 119:         {;user_app.c: 120:             RA1=0x00;
   313  01FF6A  92CE               	bcf	1230,1,c	;volatile
   314  01FF6C                     l86:
   315                           
   316                           ;user_app.c: 122:          if((0x04 & u32counter) != 0x00)
   317  01FF6C  A412               	btfss	UserAppRun@u32counter^(0+1280),2,c
   318  01FF6E  EFBB  F0FF         	goto	u51
   319  01FF72  EFBD  F0FF         	goto	u50
   320  01FF76                     u51:
   321  01FF76  EFC0  F0FF         	goto	l87
   322  01FF7A                     u50:
   323  01FF7A                     
   324                           ;user_app.c: 123:         {;user_app.c: 124:             RA2=0x01;
   325  01FF7A  84CE               	bsf	1230,2,c	;volatile
   326                           
   327                           ;user_app.c: 125:         }
   328  01FF7C  EFC1  F0FF         	goto	l88
   329  01FF80                     l87:
   330                           
   331                           ;user_app.c: 127:         {;user_app.c: 128:             RA2=0x00;
   332  01FF80  94CE               	bcf	1230,2,c	;volatile
   333  01FF82                     l88:
   334                           
   335                           ;user_app.c: 130:          if((0x08 & u32counter) != 0x00)
   336  01FF82  A612               	btfss	UserAppRun@u32counter^(0+1280),3,c
   337  01FF84  EFC6  F0FF         	goto	u61
   338  01FF88  EFC8  F0FF         	goto	u60
   339  01FF8C                     u61:
   340  01FF8C  EFCB  F0FF         	goto	l89
   341  01FF90                     u60:
   342  01FF90                     
   343                           ;user_app.c: 131:         {;user_app.c: 132:             RA3=0x01;
   344  01FF90  86CE               	bsf	1230,3,c	;volatile
   345                           
   346                           ;user_app.c: 133:         }
   347  01FF92  EFCC  F0FF         	goto	l90
   348  01FF96                     l89:
   349                           
   350                           ;user_app.c: 135:         {;user_app.c: 136:             RA3=0x00;
   351  01FF96  96CE               	bcf	1230,3,c	;volatile
   352  01FF98                     l90:
   353                           
   354                           ;user_app.c: 138:          if((0x10 & u32counter) != 0x00)
   355  01FF98  A812               	btfss	UserAppRun@u32counter^(0+1280),4,c
   356  01FF9A  EFD1  F0FF         	goto	u71
   357  01FF9E  EFD3  F0FF         	goto	u70
   358  01FFA2                     u71:
   359  01FFA2  EFD6  F0FF         	goto	l91
   360  01FFA6                     u70:
   361  01FFA6                     
   362                           ;user_app.c: 139:         {;user_app.c: 140:             RA4=0x01;
   363  01FFA6  88CE               	bsf	1230,4,c	;volatile
   364                           
   365                           ;user_app.c: 141:         }
   366  01FFA8  EFD7  F0FF         	goto	l92
   367  01FFAC                     l91:
   368                           
   369                           ;user_app.c: 143:         {;user_app.c: 144:             RA4=0x00;
   370  01FFAC  98CE               	bcf	1230,4,c	;volatile
   371  01FFAE                     l92:
   372                           
   373                           ;user_app.c: 146:          if((0x20 & u32counter) != 0x00)
   374  01FFAE  AA12               	btfss	UserAppRun@u32counter^(0+1280),5,c
   375  01FFB0  EFDC  F0FF         	goto	u81
   376  01FFB4  EFDE  F0FF         	goto	u80
   377  01FFB8                     u81:
   378  01FFB8  EFE1  F0FF         	goto	l93
   379  01FFBC                     u80:
   380  01FFBC                     
   381                           ;user_app.c: 147:         {;user_app.c: 148:             RA5=0x01;
   382  01FFBC  8ACE               	bsf	1230,5,c	;volatile
   383                           
   384                           ;user_app.c: 149:         }
   385  01FFBE  EFE2  F0FF         	goto	l803
   386  01FFC2                     l93:
   387                           
   388                           ;user_app.c: 151:         {;user_app.c: 152:             RA5=0x00;
   389  01FFC2  9ACE               	bcf	1230,5,c	;volatile
   390  01FFC4                     l803:
   391                           
   392                           ;user_app.c: 154:         _delay((unsigned long)((250)*(64000000/4000.0)));
   393  01FFC4  0E15               	movlw	21
   394  01FFC6  6E0F               	movwf	(??_UserAppRun+1)^(0+1280),c
   395  01FFC8  0E4B               	movlw	75
   396  01FFCA  6E0E               	movwf	??_UserAppRun^(0+1280),c
   397  01FFCC  0EBE               	movlw	190
   398  01FFCE                     u107:
   399  01FFCE  2EE8               	decfsz	wreg,f,c
   400  01FFD0  D7FE               	bra	u107
   401  01FFD2  2E0E               	decfsz	??_UserAppRun^(0+1280),f,c
   402  01FFD4  D7FC               	bra	u107
   403  01FFD6  2E0F               	decfsz	(??_UserAppRun+1)^(0+1280),f,c
   404  01FFD8  D7FA               	bra	u107
   405  01FFDA  D000               	nop2	
   406  01FFDC                     l805:
   407                           
   408                           ;user_app.c: 156:          u8ButtonLastState = u8Button;
   409  01FFDC  C511  F510         	movff	UserAppRun@u8Button,UserAppRun@u8ButtonLastState
   410  01FFE0  5015               	movf	(UserAppRun@u32counter+3)^(0+1280),w,c
   411  01FFE2  1014               	iorwf	(UserAppRun@u32counter+2)^(0+1280),w,c
   412  01FFE4  1013               	iorwf	(UserAppRun@u32counter+1)^(0+1280),w,c
   413  01FFE6  E109               	bnz	u90
   414  01FFE8  0E41               	movlw	65
   415  01FFEA  5C12               	subwf	UserAppRun@u32counter^(0+1280),w,c
   416  01FFEC  A0D8               	btfss	status,0,c
   417  01FFEE  EFFB  F0FF         	goto	u91
   418  01FFF2  EFFD  F0FF         	goto	u90
   419  01FFF6                     u91:
   420  01FFF6  EF8C  F0FF         	goto	l785
   421  01FFFA                     u90:
   422  01FFFA  0012               	return		;funcret
   423  01FFFC                     __end_of_UserAppRun:
   424                           	callstack 0
   425                           
   426 ;; *************** function _UserAppInitialize *****************
   427 ;; Defined at:
   428 ;;		line 76 in file "user_app.c"
   429 ;; Parameters:    Size  Location     Type
   430 ;;		None
   431 ;; Auto vars:     Size  Location     Type
   432 ;;		None
   433 ;; Return value:  Size  Location     Type
   434 ;;                  1    wreg      void 
   435 ;; Registers used:
   436 ;;		None
   437 ;; Tracked objects:
   438 ;;		On entry : 0/0
   439 ;;		On exit  : 0/0
   440 ;;		Unchanged: 0/0
   441 ;; Data sizes:     COMRAM   BANK5   BANK6   BANK7   BANK8   BANK9  BANK10  BANK11  BANK12  BANK13  BANK14  BANK15  BANK1
      +6  BANK17  BANK18  BANK19  BANK20  BANK21  BANK22  BANK23  BANK24  BANK25  BANK26  BANK27  BANK28  BANK29  BANK30  BANK3
      +1  BANK32  BANK33  BANK34  BANK35  BANK36  BANK37
   442 ;;      Params:         0       0       0       0       0       0       0       0       0       0       0       0       
      +0       0       0       0       0       0       0       0       0       0       0       0       0       0       0       
      +0       0       0       0       0       0       0
   443 ;;      Locals:         0       0       0       0       0       0       0       0       0       0       0       0       
      +0       0       0       0       0       0       0       0       0       0       0       0       0       0       0       
      +0       0       0       0       0       0       0
   444 ;;      Temps:          0       0       0       0       0       0       0       0       0       0       0       0       
      +0       0       0       0       0       0       0       0       0       0       0       0       0       0       0       
      +0       0       0       0       0       0       0
   445 ;;      Totals:         0       0       0       0       0       0       0       0       0       0       0       0       
      +0       0       0       0       0       0       0       0       0       0       0       0       0       0       0       
      +0       0       0       0       0       0       0
   446 ;;Total ram usage:        0 bytes
   447 ;; Hardware stack levels used:    1
   448 ;; This function calls:
   449 ;;		Nothing
   450 ;; This function is called by:
   451 ;;		_main
   452 ;; This function uses a non-reentrant model
   453 ;;
   454                           
   455                           	psect	text2
   456  01FE8C                     __ptext2:
   457                           	callstack 0
   458  01FE8C                     _UserAppInitialize:
   459                           	callstack 127
   460  01FE8C  0012               	return		;funcret
   461  01FE8E                     __end_of_UserAppInitialize:
   462                           	callstack 0
   463                           
   464 ;; *************** function _SystemSleep *****************
   465 ;; Defined at:
   466 ;;		line 139 in file "encm369_pic18.c"
   467 ;; Parameters:    Size  Location     Type
   468 ;;		None
   469 ;; Auto vars:     Size  Location     Type
   470 ;;		None
   471 ;; Return value:  Size  Location     Type
   472 ;;                  1    wreg      void 
   473 ;; Registers used:
   474 ;;		None
   475 ;; Tracked objects:
   476 ;;		On entry : 0/0
   477 ;;		On exit  : 0/0
   478 ;;		Unchanged: 0/0
   479 ;; Data sizes:     COMRAM   BANK5   BANK6   BANK7   BANK8   BANK9  BANK10  BANK11  BANK12  BANK13  BANK14  BANK15  BANK1
      +6  BANK17  BANK18  BANK19  BANK20  BANK21  BANK22  BANK23  BANK24  BANK25  BANK26  BANK27  BANK28  BANK29  BANK30  BANK3
      +1  BANK32  BANK33  BANK34  BANK35  BANK36  BANK37
   480 ;;      Params:         0       0       0       0       0       0       0       0       0       0       0       0       
      +0       0       0       0       0       0       0       0       0       0       0       0       0       0       0       
      +0       0       0       0       0       0       0
   481 ;;      Locals:         0       0       0       0       0       0       0       0       0       0       0       0       
      +0       0       0       0       0       0       0       0       0       0       0       0       0       0       0       
      +0       0       0       0       0       0       0
   482 ;;      Temps:          0       0       0       0       0       0       0       0       0       0       0       0       
      +0       0       0       0       0       0       0       0       0       0       0       0       0       0       0       
      +0       0       0       0       0       0       0
   483 ;;      Totals:         0       0       0       0       0       0       0       0       0       0       0       0       
      +0       0       0       0       0       0       0       0       0       0       0       0       0       0       0       
      +0       0       0       0       0       0       0
   484 ;;Total ram usage:        0 bytes
   485 ;; Hardware stack levels used:    1
   486 ;; This function calls:
   487 ;;		Nothing
   488 ;; This function is called by:
   489 ;;		_main
   490 ;; This function uses a non-reentrant model
   491 ;;
   492                           
   493                           	psect	text3
   494  01FE8A                     __ptext3:
   495                           	callstack 0
   496  01FE8A                     _SystemSleep:
   497                           	callstack 127
   498  01FE8A  0012               	return		;funcret
   499  01FE8C                     __end_of_SystemSleep:
   500                           	callstack 0
   501                           
   502 ;; *************** function _SysTickSetup *****************
   503 ;; Defined at:
   504 ;;		line 117 in file "encm369_pic18.c"
   505 ;; Parameters:    Size  Location     Type
   506 ;;		None
   507 ;; Auto vars:     Size  Location     Type
   508 ;;		None
   509 ;; Return value:  Size  Location     Type
   510 ;;                  1    wreg      void 
   511 ;; Registers used:
   512 ;;		wreg, status,2
   513 ;; Tracked objects:
   514 ;;		On entry : 0/0
   515 ;;		On exit  : 0/0
   516 ;;		Unchanged: 0/0
   517 ;; Data sizes:     COMRAM   BANK5   BANK6   BANK7   BANK8   BANK9  BANK10  BANK11  BANK12  BANK13  BANK14  BANK15  BANK1
      +6  BANK17  BANK18  BANK19  BANK20  BANK21  BANK22  BANK23  BANK24  BANK25  BANK26  BANK27  BANK28  BANK29  BANK30  BANK3
      +1  BANK32  BANK33  BANK34  BANK35  BANK36  BANK37
   518 ;;      Params:         0       0       0       0       0       0       0       0       0       0       0       0       
      +0       0       0       0       0       0       0       0       0       0       0       0       0       0       0       
      +0       0       0       0       0       0       0
   519 ;;      Locals:         0       0       0       0       0       0       0       0       0       0       0       0       
      +0       0       0       0       0       0       0       0       0       0       0       0       0       0       0       
      +0       0       0       0       0       0       0
   520 ;;      Temps:          0       0       0       0       0       0       0       0       0       0       0       0       
      +0       0       0       0       0       0       0       0       0       0       0       0       0       0       0       
      +0       0       0       0       0       0       0
   521 ;;      Totals:         0       0       0       0       0       0       0       0       0       0       0       0       
      +0       0       0       0       0       0       0       0       0       0       0       0       0       0       0       
      +0       0       0       0       0       0       0
   522 ;;Total ram usage:        0 bytes
   523 ;; Hardware stack levels used:    1
   524 ;; This function calls:
   525 ;;		Nothing
   526 ;; This function is called by:
   527 ;;		_main
   528 ;; This function uses a non-reentrant model
   529 ;;
   530                           
   531                           	psect	text4
   532  01FEBC                     __ptext4:
   533                           	callstack 0
   534  01FEBC                     _SysTickSetup:
   535                           	callstack 127
   536  01FEBC                     
   537                           ;encm369_pic18.c: 119:   G_u32SystemTime1ms = 0;
   538  01FEBC  0E00               	movlw	0
   539  01FEBE  6E09               	movwf	_G_u32SystemTime1ms^(0+1280),c	;volatile
   540  01FEC0  0E00               	movlw	0
   541  01FEC2  6E0A               	movwf	(_G_u32SystemTime1ms+1)^(0+1280),c	;volatile
   542  01FEC4  0E00               	movlw	0
   543  01FEC6  6E0B               	movwf	(_G_u32SystemTime1ms+2)^(0+1280),c	;volatile
   544  01FEC8  0E00               	movlw	0
   545  01FECA  6E0C               	movwf	(_G_u32SystemTime1ms+3)^(0+1280),c	;volatile
   546                           
   547                           ;encm369_pic18.c: 120:   G_u32SystemTime1s = 0;
   548  01FECC  0E00               	movlw	0
   549  01FECE  6E05               	movwf	_G_u32SystemTime1s^(0+1280),c	;volatile
   550  01FED0  0E00               	movlw	0
   551  01FED2  6E06               	movwf	(_G_u32SystemTime1s+1)^(0+1280),c	;volatile
   552  01FED4  0E00               	movlw	0
   553  01FED6  6E07               	movwf	(_G_u32SystemTime1s+2)^(0+1280),c	;volatile
   554  01FED8  0E00               	movlw	0
   555  01FEDA  6E08               	movwf	(_G_u32SystemTime1s+3)^(0+1280),c	;volatile
   556  01FEDC  0012               	return		;funcret
   557  01FEDE                     __end_of_SysTickSetup:
   558                           	callstack 0
   559                           
   560 ;; *************** function _GpioSetup *****************
   561 ;; Defined at:
   562 ;;		line 90 in file "encm369_pic18.c"
   563 ;; Parameters:    Size  Location     Type
   564 ;;		None
   565 ;; Auto vars:     Size  Location     Type
   566 ;;		None
   567 ;; Return value:  Size  Location     Type
   568 ;;                  1    wreg      void 
   569 ;; Registers used:
   570 ;;		wreg, status,2
   571 ;; Tracked objects:
   572 ;;		On entry : 0/0
   573 ;;		On exit  : 0/0
   574 ;;		Unchanged: 0/0
   575 ;; Data sizes:     COMRAM   BANK5   BANK6   BANK7   BANK8   BANK9  BANK10  BANK11  BANK12  BANK13  BANK14  BANK15  BANK1
      +6  BANK17  BANK18  BANK19  BANK20  BANK21  BANK22  BANK23  BANK24  BANK25  BANK26  BANK27  BANK28  BANK29  BANK30  BANK3
      +1  BANK32  BANK33  BANK34  BANK35  BANK36  BANK37
   576 ;;      Params:         0       0       0       0       0       0       0       0       0       0       0       0       
      +0       0       0       0       0       0       0       0       0       0       0       0       0       0       0       
      +0       0       0       0       0       0       0
   577 ;;      Locals:         0       0       0       0       0       0       0       0       0       0       0       0       
      +0       0       0       0       0       0       0       0       0       0       0       0       0       0       0       
      +0       0       0       0       0       0       0
   578 ;;      Temps:          0       0       0       0       0       0       0       0       0       0       0       0       
      +0       0       0       0       0       0       0       0       0       0       0       0       0       0       0       
      +0       0       0       0       0       0       0
   579 ;;      Totals:         0       0       0       0       0       0       0       0       0       0       0       0       
      +0       0       0       0       0       0       0       0       0       0       0       0       0       0       0       
      +0       0       0       0       0       0       0
   580 ;;Total ram usage:        0 bytes
   581 ;; Hardware stack levels used:    1
   582 ;; This function calls:
   583 ;;		Nothing
   584 ;; This function is called by:
   585 ;;		_main
   586 ;; This function uses a non-reentrant model
   587 ;;
   588                           
   589                           	psect	text5
   590  01FEA0                     __ptext5:
   591                           	callstack 0
   592  01FEA0                     _GpioSetup:
   593                           	callstack 127
   594  01FEA0                     
   595                           ;encm369_pic18.c: 92:     TRISA=0;
   596  01FEA0  0E00               	movlw	0
   597  01FEA2  6EC6               	movwf	198,c	;volatile
   598                           
   599                           ;encm369_pic18.c: 93:     LATA= 0;
   600  01FEA4  0E00               	movlw	0
   601  01FEA6  6EBE               	movwf	190,c	;volatile
   602                           
   603                           ;encm369_pic18.c: 94:     ANSELA=0;
   604  01FEA8  0E00               	movlw	0
   605  01FEAA  0104               	movlb	4	; () banked
   606  01FEAC  6F00               	movwf	0,b	;volatile
   607                           
   608                           ;encm369_pic18.c: 95:     TRISB=1;
   609  01FEAE  0E01               	movlw	1
   610  01FEB0  6EC7               	movwf	199,c	;volatile
   611                           
   612                           ;encm369_pic18.c: 96:     ANSELB=1;
   613  01FEB2  0E01               	movlw	1
   614  01FEB4  6F08               	movwf	8,b	;volatile
   615  01FEB6                     
   616                           ; BSR set to: 4
   617                           ;encm369_pic18.c: 97:     RB5=0;
   618  01FEB6  9ACF               	bcf	1231,5,c	;volatile
   619  01FEB8                     
   620                           ; BSR set to: 4
   621                           ;encm369_pic18.c: 98:     RA7=1;
   622  01FEB8  8ECE               	bsf	1230,7,c	;volatile
   623  01FEBA                     
   624                           ; BSR set to: 4
   625  01FEBA  0012               	return		;funcret
   626  01FEBC                     __end_of_GpioSetup:
   627                           	callstack 0
   628                           
   629 ;; *************** function _ClockSetup *****************
   630 ;; Defined at:
   631 ;;		line 70 in file "encm369_pic18.c"
   632 ;; Parameters:    Size  Location     Type
   633 ;;		None
   634 ;; Auto vars:     Size  Location     Type
   635 ;;		None
   636 ;; Return value:  Size  Location     Type
   637 ;;                  1    wreg      void 
   638 ;; Registers used:
   639 ;;		None
   640 ;; Tracked objects:
   641 ;;		On entry : 0/0
   642 ;;		On exit  : 0/0
   643 ;;		Unchanged: 0/0
   644 ;; Data sizes:     COMRAM   BANK5   BANK6   BANK7   BANK8   BANK9  BANK10  BANK11  BANK12  BANK13  BANK14  BANK15  BANK1
      +6  BANK17  BANK18  BANK19  BANK20  BANK21  BANK22  BANK23  BANK24  BANK25  BANK26  BANK27  BANK28  BANK29  BANK30  BANK3
      +1  BANK32  BANK33  BANK34  BANK35  BANK36  BANK37
   645 ;;      Params:         0       0       0       0       0       0       0       0       0       0       0       0       
      +0       0       0       0       0       0       0       0       0       0       0       0       0       0       0       
      +0       0       0       0       0       0       0
   646 ;;      Locals:         0       0       0       0       0       0       0       0       0       0       0       0       
      +0       0       0       0       0       0       0       0       0       0       0       0       0       0       0       
      +0       0       0       0       0       0       0
   647 ;;      Temps:          0       0       0       0       0       0       0       0       0       0       0       0       
      +0       0       0       0       0       0       0       0       0       0       0       0       0       0       0       
      +0       0       0       0       0       0       0
   648 ;;      Totals:         0       0       0       0       0       0       0       0       0       0       0       0       
      +0       0       0       0       0       0       0       0       0       0       0       0       0       0       0       
      +0       0       0       0       0       0       0
   649 ;;Total ram usage:        0 bytes
   650 ;; Hardware stack levels used:    1
   651 ;; This function calls:
   652 ;;		Nothing
   653 ;; This function is called by:
   654 ;;		_main
   655 ;; This function uses a non-reentrant model
   656 ;;
   657                           
   658                           	psect	text6
   659  01FE88                     __ptext6:
   660                           	callstack 0
   661  01FE88                     _ClockSetup:
   662                           	callstack 127
   663  01FE88  0012               	return		;funcret
   664  01FE8A                     __end_of_ClockSetup:
   665                           	callstack 0
   666  0000                     
   667                           	psect	rparam
   668  0000                     
   669                           	psect	idloc
   670                           
   671                           ;Config register IDLOC0 @ 0x200000
   672                           ;	unspecified, using default values
   673  200000                     	org	2097152
   674  200000  0FFF               	dw	4095
   675                           
   676                           ;Config register IDLOC1 @ 0x200002
   677                           ;	unspecified, using default values
   678  200002                     	org	2097154
   679  200002  0FFF               	dw	4095
   680                           
   681                           ;Config register IDLOC2 @ 0x200004
   682                           ;	unspecified, using default values
   683  200004                     	org	2097156
   684  200004  0FFF               	dw	4095
   685                           
   686                           ;Config register IDLOC3 @ 0x200006
   687                           ;	unspecified, using default values
   688  200006                     	org	2097158
   689  200006  0FFF               	dw	4095
   690                           
   691                           ;Config register IDLOC4 @ 0x200008
   692                           ;	unspecified, using default values
   693  200008                     	org	2097160
   694  200008  0FFF               	dw	4095
   695                           
   696                           ;Config register IDLOC5 @ 0x20000A
   697                           ;	unspecified, using default values
   698  20000A                     	org	2097162
   699  20000A  0FFF               	dw	4095
   700                           
   701                           ;Config register IDLOC6 @ 0x20000C
   702                           ;	unspecified, using default values
   703  20000C                     	org	2097164
   704  20000C  0FFF               	dw	4095
   705                           
   706                           ;Config register IDLOC7 @ 0x20000E
   707                           ;	unspecified, using default values
   708  20000E                     	org	2097166
   709  20000E  0FFF               	dw	4095
   710                           
   711                           ;Config register IDLOC8 @ 0x200010
   712                           ;	unspecified, using default values
   713  200010                     	org	2097168
   714  200010  0FFF               	dw	4095
   715                           
   716                           ;Config register IDLOC9 @ 0x200012
   717                           ;	unspecified, using default values
   718  200012                     	org	2097170
   719  200012  0FFF               	dw	4095
   720                           
   721                           ;Config register IDLOC10 @ 0x200014
   722                           ;	unspecified, using default values
   723  200014                     	org	2097172
   724  200014  0FFF               	dw	4095
   725                           
   726                           ;Config register IDLOC11 @ 0x200016
   727                           ;	unspecified, using default values
   728  200016                     	org	2097174
   729  200016  0FFF               	dw	4095
   730                           
   731                           ;Config register IDLOC12 @ 0x200018
   732                           ;	unspecified, using default values
   733  200018                     	org	2097176
   734  200018  0FFF               	dw	4095
   735                           
   736                           ;Config register IDLOC13 @ 0x20001A
   737                           ;	unspecified, using default values
   738  20001A                     	org	2097178
   739  20001A  0FFF               	dw	4095
   740                           
   741                           ;Config register IDLOC14 @ 0x20001C
   742                           ;	unspecified, using default values
   743  20001C                     	org	2097180
   744  20001C  0FFF               	dw	4095
   745                           
   746                           ;Config register IDLOC15 @ 0x20001E
   747                           ;	unspecified, using default values
   748  20001E                     	org	2097182
   749  20001E  0FFF               	dw	4095
   750                           
   751                           	psect	config
   752                           
   753                           ;Config register CONFIG1 @ 0x300000
   754                           ;	External Oscillator Selection
   755                           ;	FEXTOSC = OFF, Oscillator not enabled
   756                           ;	Reset Oscillator Selection
   757                           ;	RSTOSC = HFINTOSC_64MHZ, HFINTOSC with HFFRQ = 64 MHz and CDIV = 1:1
   758  300000                     	org	3145728
   759  300000  8C                 	db	140
   760                           
   761                           ;Config register CONFIG2 @ 0x300001
   762                           ;	Clock out Enable bit
   763                           ;	CLKOUTEN = ON, CLKOUT function is enabled
   764                           ;	PRLOCKED One-Way Set Enable bit
   765                           ;	PR1WAY = ON, PRLOCKED bit can be cleared and set only once
   766                           ;	Clock Switch Enable bit
   767                           ;	CSWEN = ON, Writing to NOSC and NDIV is allowed
   768                           ;	Fail-Safe Clock Monitor Enable bit
   769                           ;	FCMEN = ON, Fail-Safe Clock Monitor enabled
   770  300001                     	org	3145729
   771  300001  FE                 	db	254
   772                           
   773                           ;Config register CONFIG3 @ 0x300002
   774                           ;	MCLR Enable bit
   775                           ;	MCLRE = EXTMCLR, If LVP = 0, MCLR pin is MCLR; If LVP = 1, RE3 pin function is MCLR
   776                           ;	Power-up timer selection bits
   777                           ;	PWRTS = PWRT_OFF, PWRT is disabled
   778                           ;	Multi-vector enable bit
   779                           ;	MVECEN = ON, Multi-vector enabled, Vector table used for interrupts
   780                           ;	IVTLOCK bit One-way set enable bit
   781                           ;	IVT1WAY = ON, IVTLOCKED bit can be cleared and set only once
   782                           ;	Low Power BOR Enable bit
   783                           ;	LPBOREN = OFF, Low-Power BOR disabled
   784                           ;	Brown-out Reset Enable bits
   785                           ;	BOREN = SBORDIS, Brown-out Reset enabled , SBOREN bit is ignored
   786  300002                     	org	3145730
   787  300002  FF                 	db	255
   788                           
   789                           ;Config register CONFIG4 @ 0x300003
   790                           ;	Brown-out Reset Voltage Selection bits
   791                           ;	BORV = VBOR_2P85, Brown-out Reset Voltage (VBOR) set to 2.8V
   792                           ;	ZCD Disable bit
   793                           ;	ZCD = OFF, ZCD module is disabled. ZCD can be enabled by setting the ZCDSEN bit of ZCD
      +                          CON
   794                           ;	PPSLOCK bit One-Way Set Enable bit
   795                           ;	PPS1WAY = ON, PPSLOCKED bit can be cleared and set only once; PPS registers remain loc
      +                          ked after one clear/set cycle
   796                           ;	Stack Full/Underflow Reset Enable bit
   797                           ;	STVREN = ON, Stack full/underflow will cause Reset
   798                           ;	Low Voltage Programming Enable bit
   799                           ;	LVP = ON, Low voltage programming enabled. MCLR/VPP pin function is MCLR. MCLRE config
      +                          uration bit is ignored
   800                           ;	Extended Instruction Set Enable bit
   801                           ;	XINST = OFF, Extended Instruction Set and Indexed Addressing Mode disabled
   802  300003                     	org	3145731
   803  300003  FC                 	db	252
   804                           
   805                           ;Config register CONFIG5 @ 0x300004
   806                           ;	WDT Period selection bits
   807                           ;	WDTCPS = WDTCPS_31, Divider ratio 1:65536; software control of WDTPS
   808                           ;	WDT operating mode
   809                           ;	WDTE = OFF, WDT Disabled; SWDTEN is ignored
   810  300004                     	org	3145732
   811  300004  9F                 	db	159
   812                           
   813                           ;Config register CONFIG6 @ 0x300005
   814                           ;	WDT Window Select bits
   815                           ;	WDTCWS = WDTCWS_7, window always open (100%); software control; keyed access not requi
      +                          red
   816                           ;	WDT input clock selector
   817                           ;	WDTCCS = SC, Software Control
   818  300005                     	org	3145733
   819  300005  FF                 	db	255
   820                           
   821                           ;Config register CONFIG7 @ 0x300006
   822                           ;	Boot Block Size selection bits
   823                           ;	BBSIZE = BBSIZE_512, Boot Block size is 512 words
   824                           ;	Boot Block enable bit
   825                           ;	BBEN = OFF, Boot block disabled
   826                           ;	Storage Area Flash enable bit
   827                           ;	SAFEN = OFF, SAF disabled
   828                           ;	Background Debugger
   829                           ;	DEBUG = OFF, Background Debugger disabled
   830  300006                     	org	3145734
   831  300006  FF                 	db	255
   832                           
   833                           ;Config register CONFIG8 @ 0x300007
   834                           ;	Boot Block Write Protection bit
   835                           ;	WRTB = OFF, Boot Block not Write protected
   836                           ;	Configuration Register Write Protection bit
   837                           ;	WRTC = OFF, Configuration registers not Write protected
   838                           ;	Data EEPROM Write Protection bit
   839                           ;	WRTD = OFF, Data EEPROM not Write protected
   840                           ;	SAF Write protection bit
   841                           ;	WRTSAF = OFF, SAF not Write Protected
   842                           ;	Application Block write protection bit
   843                           ;	WRTAPP = OFF, Application Block not write protected
   844  300007                     	org	3145735
   845  300007  FF                 	db	255
   846                           
   847                           ; Padding undefined space
   848  300008                     	org	3145736
   849  300008  FF                 	db	255
   850                           
   851                           ;Config register CONFIG10 @ 0x300009
   852                           ;	PFM and Data EEPROM Code Protection bit
   853                           ;	CP = OFF, PFM and Data EEPROM code protection disabled
   854  300009                     	org	3145737
   855  300009  FF                 	db	255
   856                           tosu	equ	0x4FF
   857                           tosh	equ	0x4FE
   858                           tosl	equ	0x4FD
   859                           stkptr	equ	0x4FC
   860                           pclatu	equ	0x4FB
   861                           pclath	equ	0x4FA
   862                           pcl	equ	0x4F9
   863                           tblptru	equ	0x4F8
   864                           tblptrh	equ	0x4F7
   865                           tblptrl	equ	0x4F6
   866                           tablat	equ	0x4F5
   867                           prodh	equ	0x4F4
   868                           prodl	equ	0x4F3
   869                           indf0	equ	0x4EF
   870                           postinc0	equ	0x4EE
   871                           postdec0	equ	0x4ED
   872                           preinc0	equ	0x4EC
   873                           plusw0	equ	0x4EB
   874                           fsr0h	equ	0x4EA
   875                           fsr0l	equ	0x4E9
   876                           wreg	equ	0x4E8
   877                           indf1	equ	0x4E7
   878                           postinc1	equ	0x4E6
   879                           postdec1	equ	0x4E5
   880                           preinc1	equ	0x4E4
   881                           plusw1	equ	0x4E3
   882                           fsr1h	equ	0x4E2
   883                           fsr1l	equ	0x4E1
   884                           bsr	equ	0x4E0
   885                           indf2	equ	0x4DF
   886                           postinc2	equ	0x4DE
   887                           postdec2	equ	0x4DD
   888                           preinc2	equ	0x4DC
   889                           plusw2	equ	0x4DB
   890                           fsr2h	equ	0x4DA
   891                           fsr2l	equ	0x4D9
   892                           status	equ	0x4D8

Data Sizes:
    Strings     0
    Constant    0
    Data        0
    BSS         13
    Persistent  0
    Stack       0

Auto Spaces:
    Space          Size  Autos    Used
    COMRAM           95      8      21
    BANK5           160      0       0
    BANK6           256      0       0
    BANK7           256      0       0
    BANK8           256      0       0
    BANK9           256      0       0
    BANK10          256      0       0
    BANK11          256      0       0
    BANK12          256      0       0
    BANK13          256      0       0
    BANK14          256      0       0
    BANK15          256      0       0
    BANK16          256      0       0
    BANK17          256      0       0
    BANK18          256      0       0
    BANK19          256      0       0
    BANK20          256      0       0
    BANK21          256      0       0
    BANK22          256      0       0
    BANK23          256      0       0
    BANK24          256      0       0
    BANK25          256      0       0
    BANK26          256      0       0
    BANK27          256      0       0
    BANK28          256      0       0
    BANK29          256      0       0
    BANK30          256      0       0
    BANK31          256      0       0
    BANK32          256      0       0
    BANK33          256      0       0
    BANK34          256      0       0
    BANK35          256      0       0
    BANK36          256      0       0
    BANK37          256      0       0

Pointer List with Targets:

    None.

Critical Paths under _main in COMRAM

    _main->_UserAppRun

Critical Paths under _main in BANK5

    None.

Critical Paths under _main in BANK6

    None.

Critical Paths under _main in BANK7

    None.

Critical Paths under _main in BANK8

    None.

Critical Paths under _main in BANK9

    None.

Critical Paths under _main in BANK10

    None.

Critical Paths under _main in BANK11

    None.

Critical Paths under _main in BANK12

    None.

Critical Paths under _main in BANK13

    None.

Critical Paths under _main in BANK14

    None.

Critical Paths under _main in BANK15

    None.

Critical Paths under _main in BANK16

    None.

Critical Paths under _main in BANK17

    None.

Critical Paths under _main in BANK18

    None.

Critical Paths under _main in BANK19

    None.

Critical Paths under _main in BANK20

    None.

Critical Paths under _main in BANK21

    None.

Critical Paths under _main in BANK22

    None.

Critical Paths under _main in BANK23

    None.

Critical Paths under _main in BANK24

    None.

Critical Paths under _main in BANK25

    None.

Critical Paths under _main in BANK26

    None.

Critical Paths under _main in BANK27

    None.

Critical Paths under _main in BANK28

    None.

Critical Paths under _main in BANK29

    None.

Critical Paths under _main in BANK30

    None.

Critical Paths under _main in BANK31

    None.

Critical Paths under _main in BANK32

    None.

Critical Paths under _main in BANK33

    None.

Critical Paths under _main in BANK34

    None.

Critical Paths under _main in BANK35

    None.

Critical Paths under _main in BANK36

    None.

Critical Paths under _main in BANK37

    None.

Call Graph Tables:

 ---------------------------------------------------------------------------------
 (Depth) Function   	        Calls       Base Space   Used Autos Params    Refs
 ---------------------------------------------------------------------------------
 (0) _main                                                 0     0      0     165
                         _ClockSetup
                          _GpioSetup
                       _SysTickSetup
                        _SystemSleep
                  _UserAppInitialize
                         _UserAppRun
 ---------------------------------------------------------------------------------
 (1) _UserAppRun                                           8     8      0     165
                                              0 COMRAM     8     8      0
 ---------------------------------------------------------------------------------
 (1) _UserAppInitialize                                    0     0      0       0
 ---------------------------------------------------------------------------------
 (1) _SystemSleep                                          0     0      0       0
 ---------------------------------------------------------------------------------
 (1) _SysTickSetup                                         0     0      0       0
 ---------------------------------------------------------------------------------
 (1) _GpioSetup                                            0     0      0       0
 ---------------------------------------------------------------------------------
 (1) _ClockSetup                                           0     0      0       0
 ---------------------------------------------------------------------------------
 Estimated maximum stack depth 1
 ---------------------------------------------------------------------------------

 Call Graph Graphs:

 _main (ROOT)
   _ClockSetup
   _GpioSetup
   _SysTickSetup
   _SystemSleep
   _UserAppInitialize
   _UserAppRun

 Address spaces:
Name               Size   Autos  Total    Cost      Usage
BIGRAM            20FF      0       0      71        0.0%
EEDATA             400      0       0       0        0.0%
BITBANK37          100      0       0      70        0.0%
BANK37             100      0       0      68        0.0%
BITBANK36          100      0       0      66        0.0%
BANK36             100      0       0      67        0.0%
BITBANK35          100      0       0      64        0.0%
BANK35             100      0       0      65        0.0%
BITBANK34          100      0       0      62        0.0%
BANK34             100      0       0      63        0.0%
BITBANK33          100      0       0      60        0.0%
BANK33             100      0       0      61        0.0%
BITBANK32          100      0       0      58        0.0%
BANK32             100      0       0      59        0.0%
BITBANK31          100      0       0      56        0.0%
BANK31             100      0       0      57        0.0%
BITBANK30          100      0       0      54        0.0%
BANK30             100      0       0      55        0.0%
BITBANK29          100      0       0      52        0.0%
BANK29             100      0       0      53        0.0%
BITBANK28          100      0       0      50        0.0%
BANK28             100      0       0      51        0.0%
BITBANK27          100      0       0      48        0.0%
BANK27             100      0       0      49        0.0%
BITBANK26          100      0       0      46        0.0%
BANK26             100      0       0      47        0.0%
BITBANK25          100      0       0      44        0.0%
BANK25             100      0       0      45        0.0%
BITBANK24          100      0       0      42        0.0%
BANK24             100      0       0      43        0.0%
BITBANK23          100      0       0      40        0.0%
BANK23             100      0       0      41        0.0%
BITBANK22          100      0       0      38        0.0%
BANK22             100      0       0      39        0.0%
BITBANK21          100      0       0      36        0.0%
BANK21             100      0       0      37        0.0%
BITBANK20          100      0       0      34        0.0%
BANK20             100      0       0      35        0.0%
BITBANK19          100      0       0      32        0.0%
BANK19             100      0       0      33        0.0%
BITBANK18          100      0       0      30        0.0%
BANK18             100      0       0      31        0.0%
BITBANK17          100      0       0      28        0.0%
BANK17             100      0       0      29        0.0%
BITBANK16          100      0       0      26        0.0%
BANK16             100      0       0      27        0.0%
BITBANK15          100      0       0      24        0.0%
BANK15             100      0       0      25        0.0%
BITBANK14          100      0       0      22        0.0%
BANK14             100      0       0      23        0.0%
BITBANK13          100      0       0      20        0.0%
BANK13             100      0       0      21        0.0%
BITBANK12          100      0       0      18        0.0%
BANK12             100      0       0      19        0.0%
BITBANK11          100      0       0      16        0.0%
BANK11             100      0       0      17        0.0%
BITBANK10          100      0       0      14        0.0%
BANK10             100      0       0      15        0.0%
BITBANK9           100      0       0      12        0.0%
BANK9              100      0       0      13        0.0%
BITBANK8           100      0       0      10        0.0%
BANK8              100      0       0      11        0.0%
BITBANK7           100      0       0       8        0.0%
BANK7              100      0       0       9        0.0%
BITBANK6           100      0       0       6        0.0%
BANK6              100      0       0       7        0.0%
BITBANK5            A0      0       0       4        0.0%
BANK5               A0      0       0       5        0.0%
BITCOMRAM           5F      0       0       0        0.0%
COMRAM              5F      8      15       1       22.1%
BITSFR_5             0      0       0     200        0.0%
SFR_5                0      0       0     200        0.0%
BITSFR_4             0      0       0     200        0.0%
SFR_4                0      0       0     200        0.0%
BITSFR_3             0      0       0     200        0.0%
SFR_3                0      0       0     200        0.0%
BITSFR_2             0      0       0     200        0.0%
SFR_2                0      0       0     200        0.0%
BITSFR_1             0      0       0     200        0.0%
SFR_1                0      0       0     200        0.0%
BITSFR               0      0       0     200        0.0%
SFR                  0      0       0     200        0.0%
STACK                0      0       0       2        0.0%
NULL                 0      0       0       0        0.0%
ABS                  0      0      15      69        0.0%
DATA                 0      0      15       3        0.0%
CODE                 0      0       0       0        0.0%


Microchip Technology PIC18 Macro Assembler V2.31 build 20201012212115 
Symbol Table                                                                                   Thu Feb 25 17:14:40 2021

      __size_of_SysTickSetup 0022                           l21 FE88                           l30 FE8A  
                         l24 FEBA                           l27 FEDC                           l90 FF98  
                         l91 FFAC                           l83 FF54                           l92 FFAE  
                         l84 FF56                           l77 FE8C                           l93 FFC2  
                         l85 FF6A                           l86 FF6C                           l95 FFFA  
                         l87 FF80                           l88 FF82                           l89 FF96  
                         u10 FF30                           u11 FF2C                           u20 FF40  
                         u21 FF3C                           u30 FF4E                           u31 FF4A  
                         u40 FF64                           u41 FF60                           u50 FF7A  
                         u51 FF76                           u60 FF90                           u61 FF8C  
                         u70 FFA6                           u71 FFA2                           u80 FFBC  
                         u81 FFB8                           u90 FFFA                           u91 FFF6  
                        l801 FFBC                          l803 FFC4                          l805 FFDC  
                        l823 FEBC                          l807 FFE0                          l831 FEE8  
                        l833 FEEC                          l825 FEDE                          l771 FEA0  
                        l835 FEF0                          l827 FEE0                          l773 FEB6  
                        l837 FEF4                          l829 FEE4                          l775 FEB8  
                        l791 FF4E                          l793 FF64                          l785 FF18  
                        l795 FF7A                          l787 FF30                          l779 FF00  
                        l797 FF90                          l789 FF40                          l799 FFA6  
                        _RA0 002670                          _RA1 002671                          _RA2 002672  
                        _RA3 002673                          _RA4 002674                          _RA5 002675  
                        _RB5 00267D                          _RA7 002677                          u107 FFCE  
                        wreg 0004E8                         _LATA 0004BE                         _main FEDE  
               _SysTickSetup FEBC                         start FFFC         __size_of_SystemSleep 0002  
               ___param_bank 000000                   _ClockSetup FE88                        ?_main 050E  
                      _TRISA 0004C6                        _TRISB 0004C7                        status 0004D8  
            __initialization FE8E                 __end_of_main FF00                       ??_main 0516  
              __activetblptr 000000                       _ANSELA 000400                       _ANSELB 000408  
         __size_of_GpioSetup 001C                  ?_ClockSetup 050E                       clear_0 FE94  
                 _UserAppRun FF00                   __accesstop 0560      __end_of__initialization FE9A  
              ___rparam_used 000001             _G_u8UserAppFlags 050D               __pcstackCOMRAM 050E  
          __end_of_GpioSetup FEBC          __size_of_ClockSetup 0002                  ?_UserAppRun 050E  
              ??_SystemSleep 050E                      __Hparam 0000                      __Lparam 0000  
         UserAppRun@u8Button 0511                      __pcinit FE8E                      __ramtop 2600  
                    __ptext0 FEDE                      __ptext1 FF00                      __ptext2 FE8C  
                    __ptext3 FE8A                      __ptext4 FEBC                      __ptext5 FEA0  
                    __ptext6 FE88         end_of_initialization FE9A             _G_u32SystemFlags 0501  
                    postinc0 0004EE          __end_of_SystemSleep FE8C                 ??_ClockSetup 050E  
        __size_of_UserAppRun 00FC           __end_of_ClockSetup FE8A  UserAppRun@u8ButtonLastState 0510  
       UserAppRun@u32counter 0512                    _GpioSetup FEA0          start_initialization FE8E  
              ?_SysTickSetup 050E                  _SystemSleep FE8A                   ?_GpioSetup 050E  
                __pbssCOMRAM 0501            _UserAppInitialize FE8C                 ??_UserAppRun 050E  
         ?_UserAppInitialize 050E               ??_SysTickSetup 050E          ??_UserAppInitialize 050E  
         __end_of_UserAppRun FFFC    __end_of_UserAppInitialize FE8E                  ??_GpioSetup 050E  
                   __Hrparam 0000                     __Lrparam 0000         __end_of_SysTickSetup FEDE  
 __size_of_UserAppInitialize 0002                __size_of_main 0022                 ?_SystemSleep 050E  
         _G_u32SystemTime1ms 0509            _G_u32SystemTime1s 0505  
